[2023-11-07T00:27:14.798+0000] {taskinstance.py:1159} INFO - Dependencies all met for dep_context=non-requeueable deps ti=<TaskInstance: yahoo_finance_elt_pipeline_v6.extract_data_task manual__2023-11-07T00:26:53.185318+00:00 [queued]>
[2023-11-07T00:27:14.859+0000] {taskinstance.py:1159} INFO - Dependencies all met for dep_context=requeueable deps ti=<TaskInstance: yahoo_finance_elt_pipeline_v6.extract_data_task manual__2023-11-07T00:26:53.185318+00:00 [queued]>
[2023-11-07T00:27:14.871+0000] {taskinstance.py:1361} INFO - Starting attempt 1 of 6
[2023-11-07T00:27:15.054+0000] {taskinstance.py:1382} INFO - Executing <Task(PythonOperator): extract_data_task> on 2023-11-07 00:26:53.185318+00:00
[2023-11-07T00:27:15.177+0000] {standard_task_runner.py:57} INFO - Started process 1253 to run task
[2023-11-07T00:27:15.204+0000] {standard_task_runner.py:84} INFO - Running: ['***', 'tasks', 'run', 'yahoo_finance_elt_pipeline_v6', 'extract_data_task', 'manual__2023-11-07T00:26:53.185318+00:00', '--job-id', '52', '--raw', '--subdir', 'DAGS_FOLDER/yahoo_elt_pipeline.py', '--cfg-path', '/tmp/tmpqitzmsxs']
[2023-11-07T00:27:15.288+0000] {standard_task_runner.py:85} INFO - Job 52: Subtask extract_data_task
[2023-11-07T00:27:15.744+0000] {task_command.py:416} INFO - Running <TaskInstance: yahoo_finance_elt_pipeline_v6.extract_data_task manual__2023-11-07T00:26:53.185318+00:00 [running]> on host a5d58a06784e
[2023-11-07T00:27:16.253+0000] {taskinstance.py:1662} INFO - Exporting env vars: AIRFLOW_CTX_DAG_OWNER='mbahraoui' AIRFLOW_CTX_DAG_ID='yahoo_finance_elt_pipeline_v6' AIRFLOW_CTX_TASK_ID='extract_data_task' AIRFLOW_CTX_EXECUTION_DATE='2023-11-07T00:26:53.185318+00:00' AIRFLOW_CTX_TRY_NUMBER='1' AIRFLOW_CTX_DAG_RUN_ID='manual__2023-11-07T00:26:53.185318+00:00'
[2023-11-07T00:27:23.442+0000] {logging_mixin.py:151} INFO - [*********************100%%**********************]  1 of 1 completed
[2023-11-07T00:27:29.834+0000] {logging_mixin.py:151} INFO - [*********************100%%**********************]  1 of 1 completed
[2023-11-07T00:27:48.491+0000] {logging_mixin.py:151} INFO - [*********************100%%**********************]  1 of 1 completed
[2023-11-07T00:27:53.544+0000] {logging_mixin.py:151} INFO - [*********************100%%**********************]  1 of 1 completed
[2023-11-07T00:28:01.664+0000] {logging_mixin.py:151} INFO - [*********************100%%**********************]  1 of 1 completed
[2023-11-07T00:28:06.827+0000] {logging_mixin.py:151} INFO - [*********************100%%**********************]  1 of 1 completed
[2023-11-07T00:28:12.387+0000] {logging_mixin.py:151} INFO - [*********************100%%**********************]  1 of 1 completed
[2023-11-07T00:28:12.398+0000] {multi.py:178} ERROR - 
1 Failed download:
[2023-11-07T00:28:12.400+0000] {multi.py:191} ERROR - ['FB']: Exception('%ticker%: No timezone found, symbol may be delisted')
[2023-11-07T00:28:15.605+0000] {logging_mixin.py:151} INFO - [*********************100%%**********************]  1 of 1 completed
[2023-11-07T00:28:17.817+0000] {logging_mixin.py:151} INFO - [*********************100%%**********************]  1 of 1 completed
[2023-11-07T00:28:27.705+0000] {logging_mixin.py:151} INFO - [*********************100%%**********************]  1 of 1 completed
[2023-11-07T00:28:31.423+0000] {logging_mixin.py:151} INFO - [*********************100%%**********************]  1 of 1 completed
[2023-11-07T00:28:33.334+0000] {logging_mixin.py:151} INFO - [*********************100%%**********************]  1 of 1 completed
[2023-11-07T00:28:39.753+0000] {logging_mixin.py:151} INFO - [*********************100%%**********************]  1 of 1 completed
[2023-11-07T00:28:41.207+0000] {logging_mixin.py:151} INFO - [*********************100%%**********************]  1 of 1 completed
[2023-11-07T00:28:41.332+0000] {python.py:194} INFO - Done. Returned value was: None
[2023-11-07T00:28:41.507+0000] {taskinstance.py:1400} INFO - Marking task as SUCCESS. dag_id=yahoo_finance_elt_pipeline_v6, task_id=extract_data_task, execution_date=20231107T002653, start_date=20231107T002714, end_date=20231107T002841
[2023-11-07T00:28:41.846+0000] {local_task_job_runner.py:228} INFO - Task exited with return code 0
[2023-11-07T00:28:42.053+0000] {taskinstance.py:2778} INFO - 0 downstream tasks scheduled from follow-on schedule check
