[2023-11-07T01:32:30.410+0000] {taskinstance.py:1159} INFO - Dependencies all met for dep_context=non-requeueable deps ti=<TaskInstance: yahoo_finance_elt_pipeline_v14.extract_data_task manual__2023-11-07T01:32:09.146118+00:00 [queued]>
[2023-11-07T01:32:30.562+0000] {taskinstance.py:1159} INFO - Dependencies all met for dep_context=requeueable deps ti=<TaskInstance: yahoo_finance_elt_pipeline_v14.extract_data_task manual__2023-11-07T01:32:09.146118+00:00 [queued]>
[2023-11-07T01:32:30.575+0000] {taskinstance.py:1361} INFO - Starting attempt 1 of 6
[2023-11-07T01:32:30.785+0000] {taskinstance.py:1382} INFO - Executing <Task(PythonOperator): extract_data_task> on 2023-11-07 01:32:09.146118+00:00
[2023-11-07T01:32:30.823+0000] {standard_task_runner.py:57} INFO - Started process 1026 to run task
[2023-11-07T01:32:30.856+0000] {standard_task_runner.py:84} INFO - Running: ['***', 'tasks', 'run', 'yahoo_finance_elt_pipeline_v14', 'extract_data_task', 'manual__2023-11-07T01:32:09.146118+00:00', '--job-id', '12', '--raw', '--subdir', 'DAGS_FOLDER/yahoo_elt_pipeline.py', '--cfg-path', '/tmp/tmpn61rhno1']
[2023-11-07T01:32:30.873+0000] {standard_task_runner.py:85} INFO - Job 12: Subtask extract_data_task
[2023-11-07T01:32:31.153+0000] {task_command.py:416} INFO - Running <TaskInstance: yahoo_finance_elt_pipeline_v14.extract_data_task manual__2023-11-07T01:32:09.146118+00:00 [running]> on host 57084f613782
[2023-11-07T01:32:31.676+0000] {taskinstance.py:1662} INFO - Exporting env vars: AIRFLOW_CTX_DAG_OWNER='mbahraoui' AIRFLOW_CTX_DAG_ID='yahoo_finance_elt_pipeline_v14' AIRFLOW_CTX_TASK_ID='extract_data_task' AIRFLOW_CTX_EXECUTION_DATE='2023-11-07T01:32:09.146118+00:00' AIRFLOW_CTX_TRY_NUMBER='1' AIRFLOW_CTX_DAG_RUN_ID='manual__2023-11-07T01:32:09.146118+00:00'
[2023-11-07T01:32:35.825+0000] {logging_mixin.py:151} INFO - [*********************100%%**********************]  1 of 1 completed
[2023-11-07T01:32:36.664+0000] {logging_mixin.py:151} INFO - [*********************100%%**********************]  1 of 1 completed
[2023-11-07T01:32:37.879+0000] {logging_mixin.py:151} INFO - [*********************100%%**********************]  1 of 1 completed
[2023-11-07T01:32:39.627+0000] {logging_mixin.py:151} INFO - [*********************100%%**********************]  1 of 1 completed
[2023-11-07T01:32:42.916+0000] {logging_mixin.py:151} INFO - [*********************100%%**********************]  1 of 1 completed
[2023-11-07T01:32:43.899+0000] {logging_mixin.py:151} INFO - [*********************100%%**********************]  1 of 1 completed
[2023-11-07T01:32:47.100+0000] {logging_mixin.py:151} INFO - [*********************100%%**********************]  1 of 1 completed
[2023-11-07T01:32:47.160+0000] {multi.py:178} ERROR - 
1 Failed download:
[2023-11-07T01:32:47.162+0000] {multi.py:191} ERROR - ['FB']: Exception('%ticker%: No timezone found, symbol may be delisted')
[2023-11-07T01:32:50.239+0000] {logging_mixin.py:151} INFO - [*********************100%%**********************]  1 of 1 completed
[2023-11-07T01:32:52.686+0000] {logging_mixin.py:151} INFO - [*********************100%%**********************]  1 of 1 completed
[2023-11-07T01:32:54.560+0000] {logging_mixin.py:151} INFO - [*********************100%%**********************]  1 of 1 completed
[2023-11-07T01:32:56.495+0000] {logging_mixin.py:151} INFO - [*********************100%%**********************]  1 of 1 completed
[2023-11-07T01:32:59.782+0000] {logging_mixin.py:151} INFO - [*********************100%%**********************]  1 of 1 completed
[2023-11-07T01:33:01.125+0000] {logging_mixin.py:151} INFO - [*********************100%%**********************]  1 of 1 completed
[2023-11-07T01:33:02.511+0000] {logging_mixin.py:151} INFO - [*********************100%%**********************]  1 of 1 completed
[2023-11-07T01:33:02.588+0000] {python.py:194} INFO - Done. Returned value was: None
[2023-11-07T01:33:02.679+0000] {taskinstance.py:1400} INFO - Marking task as SUCCESS. dag_id=yahoo_finance_elt_pipeline_v14, task_id=extract_data_task, execution_date=20231107T013209, start_date=20231107T013230, end_date=20231107T013302
[2023-11-07T01:33:02.986+0000] {local_task_job_runner.py:228} INFO - Task exited with return code 0
[2023-11-07T01:33:03.116+0000] {taskinstance.py:2778} INFO - 1 downstream tasks scheduled from follow-on schedule check
