[2023-11-07T01:08:35.727+0000] {taskinstance.py:1159} INFO - Dependencies all met for dep_context=non-requeueable deps ti=<TaskInstance: yahoo_finance_elt_pipeline_v11.extract_data_task manual__2023-11-07T01:05:40.482147+00:00 [queued]>
[2023-11-07T01:08:35.789+0000] {taskinstance.py:1159} INFO - Dependencies all met for dep_context=requeueable deps ti=<TaskInstance: yahoo_finance_elt_pipeline_v11.extract_data_task manual__2023-11-07T01:05:40.482147+00:00 [queued]>
[2023-11-07T01:08:35.790+0000] {taskinstance.py:1361} INFO - Starting attempt 1 of 6
[2023-11-07T01:08:35.922+0000] {taskinstance.py:1382} INFO - Executing <Task(PythonOperator): extract_data_task> on 2023-11-07 01:05:40.482147+00:00
[2023-11-07T01:08:36.014+0000] {standard_task_runner.py:57} INFO - Started process 356 to run task
[2023-11-07T01:08:36.087+0000] {standard_task_runner.py:84} INFO - Running: ['***', 'tasks', 'run', 'yahoo_finance_elt_pipeline_v11', 'extract_data_task', 'manual__2023-11-07T01:05:40.482147+00:00', '--job-id', '4', '--raw', '--subdir', 'DAGS_FOLDER/yahoo_elt_pipeline.py', '--cfg-path', '/tmp/tmpovq76htv']
[2023-11-07T01:08:36.132+0000] {standard_task_runner.py:85} INFO - Job 4: Subtask extract_data_task
[2023-11-07T01:08:36.271+0000] {task_command.py:416} INFO - Running <TaskInstance: yahoo_finance_elt_pipeline_v11.extract_data_task manual__2023-11-07T01:05:40.482147+00:00 [running]> on host 57084f613782
[2023-11-07T01:08:36.446+0000] {taskinstance.py:1662} INFO - Exporting env vars: AIRFLOW_CTX_DAG_OWNER='mbahraoui' AIRFLOW_CTX_DAG_ID='yahoo_finance_elt_pipeline_v11' AIRFLOW_CTX_TASK_ID='extract_data_task' AIRFLOW_CTX_EXECUTION_DATE='2023-11-07T01:05:40.482147+00:00' AIRFLOW_CTX_TRY_NUMBER='1' AIRFLOW_CTX_DAG_RUN_ID='manual__2023-11-07T01:05:40.482147+00:00'
[2023-11-07T01:08:39.826+0000] {logging_mixin.py:151} INFO - [*********************100%%**********************]  1 of 1 completed
[2023-11-07T01:08:42.242+0000] {logging_mixin.py:151} INFO - [*********************100%%**********************]  1 of 1 completed
[2023-11-07T01:08:44.641+0000] {logging_mixin.py:151} INFO - [*********************100%%**********************]  1 of 1 completed
[2023-11-07T01:08:47.315+0000] {logging_mixin.py:151} INFO - [*********************100%%**********************]  1 of 1 completed
[2023-11-07T01:08:51.133+0000] {logging_mixin.py:151} INFO - [*********************100%%**********************]  1 of 1 completed
[2023-11-07T01:08:52.877+0000] {logging_mixin.py:151} INFO - [*********************100%%**********************]  1 of 1 completed
[2023-11-07T01:08:53.494+0000] {logging_mixin.py:151} INFO - [*********************100%%**********************]  1 of 1 completed
[2023-11-07T01:08:53.499+0000] {multi.py:178} ERROR - 
1 Failed download:
[2023-11-07T01:08:53.502+0000] {multi.py:191} ERROR - ['FB']: Exception('%ticker%: No timezone found, symbol may be delisted')
[2023-11-07T01:08:55.876+0000] {logging_mixin.py:151} INFO - [*********************100%%**********************]  1 of 1 completed
[2023-11-07T01:08:59.148+0000] {logging_mixin.py:151} INFO - [*********************100%%**********************]  1 of 1 completed
[2023-11-07T01:09:01.549+0000] {logging_mixin.py:151} INFO - [*********************100%%**********************]  1 of 1 completed
[2023-11-07T01:09:03.049+0000] {logging_mixin.py:151} INFO - [*********************100%%**********************]  1 of 1 completed
[2023-11-07T01:09:04.595+0000] {logging_mixin.py:151} INFO - [*********************100%%**********************]  1 of 1 completed
[2023-11-07T01:09:07.932+0000] {logging_mixin.py:151} INFO - [*********************100%%**********************]  1 of 1 completed
[2023-11-07T01:09:09.207+0000] {logging_mixin.py:151} INFO - [*********************100%%**********************]  1 of 1 completed
[2023-11-07T01:09:09.286+0000] {python.py:194} INFO - Done. Returned value was: None
[2023-11-07T01:09:09.330+0000] {taskinstance.py:1400} INFO - Marking task as SUCCESS. dag_id=yahoo_finance_elt_pipeline_v11, task_id=extract_data_task, execution_date=20231107T010540, start_date=20231107T010835, end_date=20231107T010909
[2023-11-07T01:09:09.422+0000] {local_task_job_runner.py:228} INFO - Task exited with return code 0
[2023-11-07T01:09:09.465+0000] {taskinstance.py:2778} INFO - 1 downstream tasks scheduled from follow-on schedule check
