[2023-11-07T00:30:47.409+0000] {taskinstance.py:1159} INFO - Dependencies all met for dep_context=non-requeueable deps ti=<TaskInstance: yahoo_finance_elt_pipeline_v7.extract_data_task manual__2023-11-07T00:30:35.362325+00:00 [queued]>
[2023-11-07T00:30:47.470+0000] {taskinstance.py:1159} INFO - Dependencies all met for dep_context=requeueable deps ti=<TaskInstance: yahoo_finance_elt_pipeline_v7.extract_data_task manual__2023-11-07T00:30:35.362325+00:00 [queued]>
[2023-11-07T00:30:47.475+0000] {taskinstance.py:1361} INFO - Starting attempt 1 of 6
[2023-11-07T00:30:47.553+0000] {taskinstance.py:1382} INFO - Executing <Task(PythonOperator): extract_data_task> on 2023-11-07 00:30:35.362325+00:00
[2023-11-07T00:30:47.576+0000] {standard_task_runner.py:57} INFO - Started process 1362 to run task
[2023-11-07T00:30:47.605+0000] {standard_task_runner.py:84} INFO - Running: ['***', 'tasks', 'run', 'yahoo_finance_elt_pipeline_v7', 'extract_data_task', 'manual__2023-11-07T00:30:35.362325+00:00', '--job-id', '54', '--raw', '--subdir', 'DAGS_FOLDER/yahoo_elt_pipeline.py', '--cfg-path', '/tmp/tmphhjaaofi']
[2023-11-07T00:30:47.624+0000] {standard_task_runner.py:85} INFO - Job 54: Subtask extract_data_task
[2023-11-07T00:30:48.149+0000] {task_command.py:416} INFO - Running <TaskInstance: yahoo_finance_elt_pipeline_v7.extract_data_task manual__2023-11-07T00:30:35.362325+00:00 [running]> on host a5d58a06784e
[2023-11-07T00:30:50.456+0000] {taskinstance.py:1662} INFO - Exporting env vars: AIRFLOW_CTX_DAG_OWNER='mbahraoui' AIRFLOW_CTX_DAG_ID='yahoo_finance_elt_pipeline_v7' AIRFLOW_CTX_TASK_ID='extract_data_task' AIRFLOW_CTX_EXECUTION_DATE='2023-11-07T00:30:35.362325+00:00' AIRFLOW_CTX_TRY_NUMBER='1' AIRFLOW_CTX_DAG_RUN_ID='manual__2023-11-07T00:30:35.362325+00:00'
[2023-11-07T00:30:56.586+0000] {logging_mixin.py:151} INFO - [*********************100%%**********************]  1 of 1 completed
[2023-11-07T00:30:59.792+0000] {logging_mixin.py:151} INFO - [*********************100%%**********************]  1 of 1 completed
[2023-11-07T00:31:05.327+0000] {logging_mixin.py:151} INFO - [*********************100%%**********************]  1 of 1 completed
[2023-11-07T00:31:09.978+0000] {logging_mixin.py:151} INFO - [*********************100%%**********************]  1 of 1 completed
[2023-11-07T00:31:11.907+0000] {logging_mixin.py:151} INFO - [*********************100%%**********************]  1 of 1 completed
[2023-11-07T00:31:16.348+0000] {logging_mixin.py:151} INFO - [*********************100%%**********************]  1 of 1 completed
[2023-11-07T00:31:19.765+0000] {logging_mixin.py:151} INFO - [*********************100%%**********************]  1 of 1 completed
[2023-11-07T00:31:19.774+0000] {multi.py:178} ERROR - 
1 Failed download:
[2023-11-07T00:31:19.784+0000] {multi.py:191} ERROR - ['FB']: Exception('%ticker%: No timezone found, symbol may be delisted')
[2023-11-07T00:31:23.109+0000] {logging_mixin.py:151} INFO - [*********************100%%**********************]  1 of 1 completed
[2023-11-07T00:31:29.014+0000] {logging_mixin.py:151} INFO - [*********************100%%**********************]  1 of 1 completed
[2023-11-07T00:31:32.301+0000] {logging_mixin.py:151} INFO - [*********************100%%**********************]  1 of 1 completed
[2023-11-07T00:31:37.147+0000] {logging_mixin.py:151} INFO - [*********************100%%**********************]  1 of 1 completed
[2023-11-07T00:31:43.519+0000] {logging_mixin.py:151} INFO - [*********************100%%**********************]  1 of 1 completed
[2023-11-07T00:31:48.742+0000] {logging_mixin.py:151} INFO - [*********************100%%**********************]  1 of 1 completed
[2023-11-07T00:31:57.642+0000] {logging_mixin.py:151} INFO - [*********************100%%**********************]  1 of 1 completed
[2023-11-07T00:31:57.905+0000] {python.py:194} INFO - Done. Returned value was: None
[2023-11-07T00:31:58.082+0000] {taskinstance.py:1400} INFO - Marking task as SUCCESS. dag_id=yahoo_finance_elt_pipeline_v7, task_id=extract_data_task, execution_date=20231107T003035, start_date=20231107T003047, end_date=20231107T003158
[2023-11-07T00:31:58.332+0000] {local_task_job_runner.py:228} INFO - Task exited with return code 0
[2023-11-07T00:31:58.502+0000] {taskinstance.py:2778} INFO - 1 downstream tasks scheduled from follow-on schedule check
