[2023-11-07T01:23:02.242+0000] {taskinstance.py:1159} INFO - Dependencies all met for dep_context=non-requeueable deps ti=<TaskInstance: yahoo_finance_elt_pipeline_v12.extract_data_task manual__2023-11-07T01:22:36.888387+00:00 [queued]>
[2023-11-07T01:23:02.700+0000] {taskinstance.py:1159} INFO - Dependencies all met for dep_context=requeueable deps ti=<TaskInstance: yahoo_finance_elt_pipeline_v12.extract_data_task manual__2023-11-07T01:22:36.888387+00:00 [queued]>
[2023-11-07T01:23:02.762+0000] {taskinstance.py:1361} INFO - Starting attempt 1 of 6
[2023-11-07T01:23:03.679+0000] {taskinstance.py:1382} INFO - Executing <Task(PythonOperator): extract_data_task> on 2023-11-07 01:22:36.888387+00:00
[2023-11-07T01:23:03.896+0000] {standard_task_runner.py:57} INFO - Started process 757 to run task
[2023-11-07T01:23:04.022+0000] {standard_task_runner.py:84} INFO - Running: ['***', 'tasks', 'run', 'yahoo_finance_elt_pipeline_v12', 'extract_data_task', 'manual__2023-11-07T01:22:36.888387+00:00', '--job-id', '8', '--raw', '--subdir', 'DAGS_FOLDER/yahoo_elt_pipeline.py', '--cfg-path', '/tmp/tmpu9lqtylo']
[2023-11-07T01:23:04.058+0000] {standard_task_runner.py:85} INFO - Job 8: Subtask extract_data_task
[2023-11-07T01:23:04.946+0000] {task_command.py:416} INFO - Running <TaskInstance: yahoo_finance_elt_pipeline_v12.extract_data_task manual__2023-11-07T01:22:36.888387+00:00 [running]> on host 57084f613782
[2023-11-07T01:23:07.908+0000] {taskinstance.py:1662} INFO - Exporting env vars: AIRFLOW_CTX_DAG_OWNER='mbahraoui' AIRFLOW_CTX_DAG_ID='yahoo_finance_elt_pipeline_v12' AIRFLOW_CTX_TASK_ID='extract_data_task' AIRFLOW_CTX_EXECUTION_DATE='2023-11-07T01:22:36.888387+00:00' AIRFLOW_CTX_TRY_NUMBER='1' AIRFLOW_CTX_DAG_RUN_ID='manual__2023-11-07T01:22:36.888387+00:00'
[2023-11-07T01:23:13.318+0000] {logging_mixin.py:151} INFO - [*********************100%%**********************]  1 of 1 completed
[2023-11-07T01:23:16.163+0000] {logging_mixin.py:151} INFO - [*********************100%%**********************]  1 of 1 completed
[2023-11-07T01:23:18.087+0000] {logging_mixin.py:151} INFO - [*********************100%%**********************]  1 of 1 completed
[2023-11-07T01:23:23.268+0000] {logging_mixin.py:151} INFO - [*********************100%%**********************]  1 of 1 completed
[2023-11-07T01:23:27.034+0000] {logging_mixin.py:151} INFO - [*********************100%%**********************]  1 of 1 completed
[2023-11-07T01:23:28.088+0000] {logging_mixin.py:151} INFO - [*********************100%%**********************]  1 of 1 completed
[2023-11-07T01:23:30.674+0000] {logging_mixin.py:151} INFO - [*********************100%%**********************]  1 of 1 completed
[2023-11-07T01:23:30.683+0000] {multi.py:178} ERROR - 
1 Failed download:
[2023-11-07T01:23:30.691+0000] {multi.py:191} ERROR - ['FB']: No timezone found, symbol may be delisted
[2023-11-07T01:23:32.860+0000] {logging_mixin.py:151} INFO - [*********************100%%**********************]  1 of 1 completed
[2023-11-07T01:23:34.137+0000] {logging_mixin.py:151} INFO - [*********************100%%**********************]  1 of 1 completed
[2023-11-07T01:23:35.947+0000] {logging_mixin.py:151} INFO - [*********************100%%**********************]  1 of 1 completed
[2023-11-07T01:23:38.720+0000] {logging_mixin.py:151} INFO - [*********************100%%**********************]  1 of 1 completed
[2023-11-07T01:23:41.801+0000] {logging_mixin.py:151} INFO - [*********************100%%**********************]  1 of 1 completed
[2023-11-07T01:23:43.653+0000] {logging_mixin.py:151} INFO - [*********************100%%**********************]  1 of 1 completed
[2023-11-07T01:23:45.473+0000] {logging_mixin.py:151} INFO - [*********************100%%**********************]  1 of 1 completed
[2023-11-07T01:23:45.878+0000] {python.py:194} INFO - Done. Returned value was: None
[2023-11-07T01:23:46.307+0000] {taskinstance.py:1400} INFO - Marking task as SUCCESS. dag_id=yahoo_finance_elt_pipeline_v12, task_id=extract_data_task, execution_date=20231107T012236, start_date=20231107T012302, end_date=20231107T012346
[2023-11-07T01:23:47.065+0000] {local_task_job_runner.py:228} INFO - Task exited with return code 0
[2023-11-07T01:23:47.394+0000] {taskinstance.py:2778} INFO - 1 downstream tasks scheduled from follow-on schedule check
