[2023-11-06T23:58:46.411+0000] {taskinstance.py:1159} INFO - Dependencies all met for dep_context=non-requeueable deps ti=<TaskInstance: yahoo_finance_elt_pipeline_v3.extract_data_task manual__2023-11-06T23:58:24.604883+00:00 [queued]>
[2023-11-06T23:58:46.490+0000] {taskinstance.py:1159} INFO - Dependencies all met for dep_context=requeueable deps ti=<TaskInstance: yahoo_finance_elt_pipeline_v3.extract_data_task manual__2023-11-06T23:58:24.604883+00:00 [queued]>
[2023-11-06T23:58:46.496+0000] {taskinstance.py:1361} INFO - Starting attempt 1 of 6
[2023-11-06T23:58:46.703+0000] {taskinstance.py:1382} INFO - Executing <Task(PythonOperator): extract_data_task> on 2023-11-06 23:58:24.604883+00:00
[2023-11-06T23:58:46.813+0000] {standard_task_runner.py:57} INFO - Started process 465 to run task
[2023-11-06T23:58:46.961+0000] {standard_task_runner.py:84} INFO - Running: ['***', 'tasks', 'run', 'yahoo_finance_elt_pipeline_v3', 'extract_data_task', 'manual__2023-11-06T23:58:24.604883+00:00', '--job-id', '43', '--raw', '--subdir', 'DAGS_FOLDER/yahoo_elt_pipeline.py', '--cfg-path', '/tmp/tmpgi_j6juq']
[2023-11-06T23:58:47.013+0000] {standard_task_runner.py:85} INFO - Job 43: Subtask extract_data_task
[2023-11-06T23:58:48.460+0000] {task_command.py:416} INFO - Running <TaskInstance: yahoo_finance_elt_pipeline_v3.extract_data_task manual__2023-11-06T23:58:24.604883+00:00 [running]> on host a5d58a06784e
[2023-11-06T23:58:49.630+0000] {taskinstance.py:1662} INFO - Exporting env vars: AIRFLOW_CTX_DAG_OWNER='mbahraoui' AIRFLOW_CTX_DAG_ID='yahoo_finance_elt_pipeline_v3' AIRFLOW_CTX_TASK_ID='extract_data_task' AIRFLOW_CTX_EXECUTION_DATE='2023-11-06T23:58:24.604883+00:00' AIRFLOW_CTX_TRY_NUMBER='1' AIRFLOW_CTX_DAG_RUN_ID='manual__2023-11-06T23:58:24.604883+00:00'
[2023-11-06T23:58:54.280+0000] {logging_mixin.py:151} INFO - [*********************100%%**********************]  1 of 1 completed
[2023-11-06T23:58:55.764+0000] {logging_mixin.py:151} INFO - [*********************100%%**********************]  1 of 1 completed
[2023-11-06T23:58:56.963+0000] {logging_mixin.py:151} INFO - [*********************100%%**********************]  1 of 1 completed
[2023-11-06T23:59:00.357+0000] {logging_mixin.py:151} INFO - [*********************100%%**********************]  1 of 1 completed
[2023-11-06T23:59:03.401+0000] {logging_mixin.py:151} INFO - [*********************100%%**********************]  1 of 1 completed
[2023-11-06T23:59:10.517+0000] {logging_mixin.py:151} INFO - [*********************100%%**********************]  1 of 1 completed
[2023-11-06T23:59:15.859+0000] {logging_mixin.py:151} INFO - [*********************100%%**********************]  1 of 1 completed
[2023-11-06T23:59:15.874+0000] {multi.py:178} ERROR - 
1 Failed download:
[2023-11-06T23:59:15.879+0000] {multi.py:191} ERROR - ['FB']: Exception('%ticker%: No timezone found, symbol may be delisted')
[2023-11-06T23:59:17.344+0000] {logging_mixin.py:151} INFO - [*********************100%%**********************]  1 of 1 completed
[2023-11-06T23:59:18.972+0000] {logging_mixin.py:151} INFO - [*********************100%%**********************]  1 of 1 completed
[2023-11-06T23:59:20.364+0000] {logging_mixin.py:151} INFO - [*********************100%%**********************]  1 of 1 completed
[2023-11-06T23:59:23.334+0000] {logging_mixin.py:151} INFO - [*********************100%%**********************]  1 of 1 completed
[2023-11-06T23:59:24.769+0000] {logging_mixin.py:151} INFO - [*********************100%%**********************]  1 of 1 completed
[2023-11-06T23:59:25.480+0000] {logging_mixin.py:151} INFO - [*********************100%%**********************]  1 of 1 completed
[2023-11-06T23:59:27.621+0000] {logging_mixin.py:151} INFO - [*********************100%%**********************]  1 of 1 completed
[2023-11-06T23:59:27.680+0000] {logging_mixin.py:151} INFO - Current Working Directory: /opt/***
[2023-11-06T23:59:27.762+0000] {python.py:194} INFO - Done. Returned value was: None
[2023-11-06T23:59:27.829+0000] {taskinstance.py:1400} INFO - Marking task as SUCCESS. dag_id=yahoo_finance_elt_pipeline_v3, task_id=extract_data_task, execution_date=20231106T235824, start_date=20231106T235846, end_date=20231106T235927
[2023-11-06T23:59:28.185+0000] {local_task_job_runner.py:228} INFO - Task exited with return code 0
[2023-11-06T23:59:28.293+0000] {taskinstance.py:2778} INFO - 1 downstream tasks scheduled from follow-on schedule check
