[2023-11-07T01:27:51.293+0000] {taskinstance.py:1159} INFO - Dependencies all met for dep_context=non-requeueable deps ti=<TaskInstance: yahoo_finance_elt_pipeline_v13.extract_data_task manual__2023-11-07T01:27:40.445804+00:00 [queued]>
[2023-11-07T01:27:51.358+0000] {taskinstance.py:1159} INFO - Dependencies all met for dep_context=requeueable deps ti=<TaskInstance: yahoo_finance_elt_pipeline_v13.extract_data_task manual__2023-11-07T01:27:40.445804+00:00 [queued]>
[2023-11-07T01:27:51.359+0000] {taskinstance.py:1361} INFO - Starting attempt 1 of 6
[2023-11-07T01:27:51.531+0000] {taskinstance.py:1382} INFO - Executing <Task(PythonOperator): extract_data_task> on 2023-11-07 01:27:40.445804+00:00
[2023-11-07T01:27:51.590+0000] {standard_task_runner.py:57} INFO - Started process 891 to run task
[2023-11-07T01:27:51.624+0000] {standard_task_runner.py:84} INFO - Running: ['***', 'tasks', 'run', 'yahoo_finance_elt_pipeline_v13', 'extract_data_task', 'manual__2023-11-07T01:27:40.445804+00:00', '--job-id', '10', '--raw', '--subdir', 'DAGS_FOLDER/yahoo_elt_pipeline.py', '--cfg-path', '/tmp/tmp1erqy7bi']
[2023-11-07T01:27:51.642+0000] {standard_task_runner.py:85} INFO - Job 10: Subtask extract_data_task
[2023-11-07T01:27:52.240+0000] {task_command.py:416} INFO - Running <TaskInstance: yahoo_finance_elt_pipeline_v13.extract_data_task manual__2023-11-07T01:27:40.445804+00:00 [running]> on host 57084f613782
[2023-11-07T01:27:52.893+0000] {taskinstance.py:1662} INFO - Exporting env vars: AIRFLOW_CTX_DAG_OWNER='mbahraoui' AIRFLOW_CTX_DAG_ID='yahoo_finance_elt_pipeline_v13' AIRFLOW_CTX_TASK_ID='extract_data_task' AIRFLOW_CTX_EXECUTION_DATE='2023-11-07T01:27:40.445804+00:00' AIRFLOW_CTX_TRY_NUMBER='1' AIRFLOW_CTX_DAG_RUN_ID='manual__2023-11-07T01:27:40.445804+00:00'
[2023-11-07T01:27:54.306+0000] {logging_mixin.py:151} INFO - [*********************100%%**********************]  1 of 1 completed
[2023-11-07T01:27:55.449+0000] {logging_mixin.py:151} INFO - [*********************100%%**********************]  1 of 1 completed
[2023-11-07T01:27:56.966+0000] {logging_mixin.py:151} INFO - [*********************100%%**********************]  1 of 1 completed
[2023-11-07T01:27:59.145+0000] {logging_mixin.py:151} INFO - [*********************100%%**********************]  1 of 1 completed
[2023-11-07T01:28:01.444+0000] {logging_mixin.py:151} INFO - [*********************100%%**********************]  1 of 1 completed
[2023-11-07T01:28:02.693+0000] {logging_mixin.py:151} INFO - [*********************100%%**********************]  1 of 1 completed
[2023-11-07T01:28:03.812+0000] {logging_mixin.py:151} INFO - [*********************100%%**********************]  1 of 1 completed
[2023-11-07T01:28:03.814+0000] {multi.py:178} ERROR - 
1 Failed download:
[2023-11-07T01:28:03.819+0000] {multi.py:191} ERROR - ['FB']: Exception('%ticker%: No timezone found, symbol may be delisted')
[2023-11-07T01:28:04.635+0000] {logging_mixin.py:151} INFO - [*********************100%%**********************]  1 of 1 completed
[2023-11-07T01:28:06.021+0000] {logging_mixin.py:151} INFO - [*********************100%%**********************]  1 of 1 completed
[2023-11-07T01:28:09.350+0000] {logging_mixin.py:151} INFO - [*********************100%%**********************]  1 of 1 completed
[2023-11-07T01:28:10.908+0000] {logging_mixin.py:151} INFO - [*********************100%%**********************]  1 of 1 completed
[2023-11-07T01:28:12.431+0000] {logging_mixin.py:151} INFO - [*********************100%%**********************]  1 of 1 completed
[2023-11-07T01:28:15.453+0000] {logging_mixin.py:151} INFO - [*********************100%%**********************]  1 of 1 completed
[2023-11-07T01:28:18.716+0000] {logging_mixin.py:151} INFO - [*********************100%%**********************]  1 of 1 completed
[2023-11-07T01:28:18.851+0000] {python.py:194} INFO - Done. Returned value was: None
[2023-11-07T01:28:18.927+0000] {taskinstance.py:1400} INFO - Marking task as SUCCESS. dag_id=yahoo_finance_elt_pipeline_v13, task_id=extract_data_task, execution_date=20231107T012740, start_date=20231107T012751, end_date=20231107T012818
[2023-11-07T01:28:19.221+0000] {local_task_job_runner.py:228} INFO - Task exited with return code 0
[2023-11-07T01:28:19.707+0000] {taskinstance.py:2778} INFO - 0 downstream tasks scheduled from follow-on schedule check
