[2023-11-05T23:29:28.896+0000] {processor.py:157} INFO - Started process (PID=1427) to work on /opt/airflow/dags/yahoo_elt_pipeline.py
[2023-11-05T23:29:28.903+0000] {processor.py:829} INFO - Processing file /opt/airflow/dags/yahoo_elt_pipeline.py for tasks to queue
[2023-11-05T23:29:28.917+0000] {logging_mixin.py:151} INFO - [2023-11-05T23:29:28.915+0000] {dagbag.py:536} INFO - Filling up the DagBag from /opt/airflow/dags/yahoo_elt_pipeline.py
[2023-11-05T23:29:29.070+0000] {logging_mixin.py:151} INFO - [2023-11-05T23:29:29.046+0000] {dagbag.py:346} ERROR - Failed to import: /opt/airflow/dags/yahoo_elt_pipeline.py
Traceback (most recent call last):
  File "/home/airflow/.local/lib/python3.8/site-packages/airflow/models/dagbag.py", line 342, in parse
    loader.exec_module(new_module)
  File "<frozen importlib._bootstrap_external>", line 843, in exec_module
  File "<frozen importlib._bootstrap>", line 219, in _call_with_frames_removed
  File "/opt/airflow/dags/yahoo_elt_pipeline.py", line 4, in <module>
    import yfinance as yf
ModuleNotFoundError: No module named 'yfinance'
[2023-11-05T23:29:29.075+0000] {processor.py:841} WARNING - No viable dags retrieved from /opt/airflow/dags/yahoo_elt_pipeline.py
[2023-11-05T23:29:29.215+0000] {processor.py:179} INFO - Processing /opt/airflow/dags/yahoo_elt_pipeline.py took 0.343 seconds
[2023-11-05T23:29:59.570+0000] {processor.py:157} INFO - Started process (PID=1439) to work on /opt/airflow/dags/yahoo_elt_pipeline.py
[2023-11-05T23:29:59.572+0000] {processor.py:829} INFO - Processing file /opt/airflow/dags/yahoo_elt_pipeline.py for tasks to queue
[2023-11-05T23:29:59.575+0000] {logging_mixin.py:151} INFO - [2023-11-05T23:29:59.575+0000] {dagbag.py:536} INFO - Filling up the DagBag from /opt/airflow/dags/yahoo_elt_pipeline.py
[2023-11-05T23:29:59.594+0000] {logging_mixin.py:151} INFO - [2023-11-05T23:29:59.591+0000] {dagbag.py:346} ERROR - Failed to import: /opt/airflow/dags/yahoo_elt_pipeline.py
Traceback (most recent call last):
  File "/home/airflow/.local/lib/python3.8/site-packages/airflow/models/dagbag.py", line 342, in parse
    loader.exec_module(new_module)
  File "<frozen importlib._bootstrap_external>", line 843, in exec_module
  File "<frozen importlib._bootstrap>", line 219, in _call_with_frames_removed
  File "/opt/airflow/dags/yahoo_elt_pipeline.py", line 4, in <module>
    import yfinance as yf
ModuleNotFoundError: No module named 'yfinance'
[2023-11-05T23:29:59.598+0000] {processor.py:841} WARNING - No viable dags retrieved from /opt/airflow/dags/yahoo_elt_pipeline.py
[2023-11-05T23:29:59.644+0000] {processor.py:179} INFO - Processing /opt/airflow/dags/yahoo_elt_pipeline.py took 0.079 seconds
[2023-11-05T23:30:30.154+0000] {processor.py:157} INFO - Started process (PID=1450) to work on /opt/airflow/dags/yahoo_elt_pipeline.py
[2023-11-05T23:30:30.180+0000] {processor.py:829} INFO - Processing file /opt/airflow/dags/yahoo_elt_pipeline.py for tasks to queue
[2023-11-05T23:30:30.188+0000] {logging_mixin.py:151} INFO - [2023-11-05T23:30:30.185+0000] {dagbag.py:536} INFO - Filling up the DagBag from /opt/airflow/dags/yahoo_elt_pipeline.py
[2023-11-05T23:30:30.556+0000] {logging_mixin.py:151} INFO - [2023-11-05T23:30:30.526+0000] {dagbag.py:346} ERROR - Failed to import: /opt/airflow/dags/yahoo_elt_pipeline.py
Traceback (most recent call last):
  File "/home/airflow/.local/lib/python3.8/site-packages/airflow/models/dagbag.py", line 342, in parse
    loader.exec_module(new_module)
  File "<frozen importlib._bootstrap_external>", line 843, in exec_module
  File "<frozen importlib._bootstrap>", line 219, in _call_with_frames_removed
  File "/opt/airflow/dags/yahoo_elt_pipeline.py", line 4, in <module>
    import yfinance as yf
ModuleNotFoundError: No module named 'yfinance'
[2023-11-05T23:30:30.572+0000] {processor.py:841} WARNING - No viable dags retrieved from /opt/airflow/dags/yahoo_elt_pipeline.py
[2023-11-05T23:30:30.863+0000] {processor.py:179} INFO - Processing /opt/airflow/dags/yahoo_elt_pipeline.py took 0.733 seconds
[2023-11-05T23:31:01.391+0000] {processor.py:157} INFO - Started process (PID=1462) to work on /opt/airflow/dags/yahoo_elt_pipeline.py
[2023-11-05T23:31:01.406+0000] {processor.py:829} INFO - Processing file /opt/airflow/dags/yahoo_elt_pipeline.py for tasks to queue
[2023-11-05T23:31:01.421+0000] {logging_mixin.py:151} INFO - [2023-11-05T23:31:01.418+0000] {dagbag.py:536} INFO - Filling up the DagBag from /opt/airflow/dags/yahoo_elt_pipeline.py
[2023-11-05T23:31:01.517+0000] {logging_mixin.py:151} INFO - [2023-11-05T23:31:01.505+0000] {dagbag.py:346} ERROR - Failed to import: /opt/airflow/dags/yahoo_elt_pipeline.py
Traceback (most recent call last):
  File "/home/airflow/.local/lib/python3.8/site-packages/airflow/models/dagbag.py", line 342, in parse
    loader.exec_module(new_module)
  File "<frozen importlib._bootstrap_external>", line 843, in exec_module
  File "<frozen importlib._bootstrap>", line 219, in _call_with_frames_removed
  File "/opt/airflow/dags/yahoo_elt_pipeline.py", line 4, in <module>
    import yfinance as yf
ModuleNotFoundError: No module named 'yfinance'
[2023-11-05T23:31:01.521+0000] {processor.py:841} WARNING - No viable dags retrieved from /opt/airflow/dags/yahoo_elt_pipeline.py
[2023-11-05T23:31:01.587+0000] {processor.py:179} INFO - Processing /opt/airflow/dags/yahoo_elt_pipeline.py took 0.206 seconds
[2023-11-05T23:31:31.834+0000] {processor.py:157} INFO - Started process (PID=1475) to work on /opt/airflow/dags/yahoo_elt_pipeline.py
[2023-11-05T23:31:31.837+0000] {processor.py:829} INFO - Processing file /opt/airflow/dags/yahoo_elt_pipeline.py for tasks to queue
[2023-11-05T23:31:31.840+0000] {logging_mixin.py:151} INFO - [2023-11-05T23:31:31.839+0000] {dagbag.py:536} INFO - Filling up the DagBag from /opt/airflow/dags/yahoo_elt_pipeline.py
[2023-11-05T23:31:31.867+0000] {logging_mixin.py:151} INFO - [2023-11-05T23:31:31.863+0000] {dagbag.py:346} ERROR - Failed to import: /opt/airflow/dags/yahoo_elt_pipeline.py
Traceback (most recent call last):
  File "/home/airflow/.local/lib/python3.8/site-packages/airflow/models/dagbag.py", line 342, in parse
    loader.exec_module(new_module)
  File "<frozen importlib._bootstrap_external>", line 843, in exec_module
  File "<frozen importlib._bootstrap>", line 219, in _call_with_frames_removed
  File "/opt/airflow/dags/yahoo_elt_pipeline.py", line 4, in <module>
    import yfinance as yf
ModuleNotFoundError: No module named 'yfinance'
[2023-11-05T23:31:31.870+0000] {processor.py:841} WARNING - No viable dags retrieved from /opt/airflow/dags/yahoo_elt_pipeline.py
[2023-11-05T23:31:31.909+0000] {processor.py:179} INFO - Processing /opt/airflow/dags/yahoo_elt_pipeline.py took 0.080 seconds
[2023-11-05T23:32:02.439+0000] {processor.py:157} INFO - Started process (PID=1487) to work on /opt/airflow/dags/yahoo_elt_pipeline.py
[2023-11-05T23:32:02.450+0000] {processor.py:829} INFO - Processing file /opt/airflow/dags/yahoo_elt_pipeline.py for tasks to queue
[2023-11-05T23:32:02.455+0000] {logging_mixin.py:151} INFO - [2023-11-05T23:32:02.454+0000] {dagbag.py:536} INFO - Filling up the DagBag from /opt/airflow/dags/yahoo_elt_pipeline.py
[2023-11-05T23:32:02.509+0000] {logging_mixin.py:151} INFO - [2023-11-05T23:32:02.501+0000] {dagbag.py:346} ERROR - Failed to import: /opt/airflow/dags/yahoo_elt_pipeline.py
Traceback (most recent call last):
  File "/home/airflow/.local/lib/python3.8/site-packages/airflow/models/dagbag.py", line 342, in parse
    loader.exec_module(new_module)
  File "<frozen importlib._bootstrap_external>", line 843, in exec_module
  File "<frozen importlib._bootstrap>", line 219, in _call_with_frames_removed
  File "/opt/airflow/dags/yahoo_elt_pipeline.py", line 4, in <module>
    import yfinance as yf
ModuleNotFoundError: No module named 'yfinance'
[2023-11-05T23:32:02.518+0000] {processor.py:841} WARNING - No viable dags retrieved from /opt/airflow/dags/yahoo_elt_pipeline.py
[2023-11-05T23:32:02.573+0000] {processor.py:179} INFO - Processing /opt/airflow/dags/yahoo_elt_pipeline.py took 0.139 seconds
[2023-11-05T23:32:33.057+0000] {processor.py:157} INFO - Started process (PID=1499) to work on /opt/airflow/dags/yahoo_elt_pipeline.py
[2023-11-05T23:32:33.060+0000] {processor.py:829} INFO - Processing file /opt/airflow/dags/yahoo_elt_pipeline.py for tasks to queue
[2023-11-05T23:32:33.064+0000] {logging_mixin.py:151} INFO - [2023-11-05T23:32:33.063+0000] {dagbag.py:536} INFO - Filling up the DagBag from /opt/airflow/dags/yahoo_elt_pipeline.py
[2023-11-05T23:32:33.096+0000] {logging_mixin.py:151} INFO - [2023-11-05T23:32:33.092+0000] {dagbag.py:346} ERROR - Failed to import: /opt/airflow/dags/yahoo_elt_pipeline.py
Traceback (most recent call last):
  File "/home/airflow/.local/lib/python3.8/site-packages/airflow/models/dagbag.py", line 342, in parse
    loader.exec_module(new_module)
  File "<frozen importlib._bootstrap_external>", line 843, in exec_module
  File "<frozen importlib._bootstrap>", line 219, in _call_with_frames_removed
  File "/opt/airflow/dags/yahoo_elt_pipeline.py", line 4, in <module>
    import yfinance as yf
ModuleNotFoundError: No module named 'yfinance'
[2023-11-05T23:32:33.098+0000] {processor.py:841} WARNING - No viable dags retrieved from /opt/airflow/dags/yahoo_elt_pipeline.py
[2023-11-05T23:32:33.135+0000] {processor.py:179} INFO - Processing /opt/airflow/dags/yahoo_elt_pipeline.py took 0.089 seconds
[2023-11-05T23:33:03.391+0000] {processor.py:157} INFO - Started process (PID=1511) to work on /opt/airflow/dags/yahoo_elt_pipeline.py
[2023-11-05T23:33:03.404+0000] {processor.py:829} INFO - Processing file /opt/airflow/dags/yahoo_elt_pipeline.py for tasks to queue
[2023-11-05T23:33:03.414+0000] {logging_mixin.py:151} INFO - [2023-11-05T23:33:03.411+0000] {dagbag.py:536} INFO - Filling up the DagBag from /opt/airflow/dags/yahoo_elt_pipeline.py
[2023-11-05T23:33:03.505+0000] {logging_mixin.py:151} INFO - [2023-11-05T23:33:03.494+0000] {dagbag.py:346} ERROR - Failed to import: /opt/airflow/dags/yahoo_elt_pipeline.py
Traceback (most recent call last):
  File "/home/airflow/.local/lib/python3.8/site-packages/airflow/models/dagbag.py", line 342, in parse
    loader.exec_module(new_module)
  File "<frozen importlib._bootstrap_external>", line 843, in exec_module
  File "<frozen importlib._bootstrap>", line 219, in _call_with_frames_removed
  File "/opt/airflow/dags/yahoo_elt_pipeline.py", line 4, in <module>
    import yfinance as yf
ModuleNotFoundError: No module named 'yfinance'
[2023-11-05T23:33:03.519+0000] {processor.py:841} WARNING - No viable dags retrieved from /opt/airflow/dags/yahoo_elt_pipeline.py
[2023-11-05T23:33:03.605+0000] {processor.py:179} INFO - Processing /opt/airflow/dags/yahoo_elt_pipeline.py took 0.228 seconds
[2023-11-05T23:33:33.929+0000] {processor.py:157} INFO - Started process (PID=1523) to work on /opt/airflow/dags/yahoo_elt_pipeline.py
[2023-11-05T23:33:33.935+0000] {processor.py:829} INFO - Processing file /opt/airflow/dags/yahoo_elt_pipeline.py for tasks to queue
[2023-11-05T23:33:33.953+0000] {logging_mixin.py:151} INFO - [2023-11-05T23:33:33.952+0000] {dagbag.py:536} INFO - Filling up the DagBag from /opt/airflow/dags/yahoo_elt_pipeline.py
[2023-11-05T23:33:34.028+0000] {logging_mixin.py:151} INFO - [2023-11-05T23:33:34.014+0000] {dagbag.py:346} ERROR - Failed to import: /opt/airflow/dags/yahoo_elt_pipeline.py
Traceback (most recent call last):
  File "/home/airflow/.local/lib/python3.8/site-packages/airflow/models/dagbag.py", line 342, in parse
    loader.exec_module(new_module)
  File "<frozen importlib._bootstrap_external>", line 843, in exec_module
  File "<frozen importlib._bootstrap>", line 219, in _call_with_frames_removed
  File "/opt/airflow/dags/yahoo_elt_pipeline.py", line 4, in <module>
    import yfinance as yf
ModuleNotFoundError: No module named 'yfinance'
[2023-11-05T23:33:34.036+0000] {processor.py:841} WARNING - No viable dags retrieved from /opt/airflow/dags/yahoo_elt_pipeline.py
[2023-11-05T23:33:34.126+0000] {processor.py:179} INFO - Processing /opt/airflow/dags/yahoo_elt_pipeline.py took 0.215 seconds
[2023-11-05T23:34:04.379+0000] {processor.py:157} INFO - Started process (PID=1535) to work on /opt/airflow/dags/yahoo_elt_pipeline.py
[2023-11-05T23:34:04.384+0000] {processor.py:829} INFO - Processing file /opt/airflow/dags/yahoo_elt_pipeline.py for tasks to queue
[2023-11-05T23:34:04.393+0000] {logging_mixin.py:151} INFO - [2023-11-05T23:34:04.393+0000] {dagbag.py:536} INFO - Filling up the DagBag from /opt/airflow/dags/yahoo_elt_pipeline.py
[2023-11-05T23:34:04.422+0000] {logging_mixin.py:151} INFO - [2023-11-05T23:34:04.418+0000] {dagbag.py:346} ERROR - Failed to import: /opt/airflow/dags/yahoo_elt_pipeline.py
Traceback (most recent call last):
  File "/home/airflow/.local/lib/python3.8/site-packages/airflow/models/dagbag.py", line 342, in parse
    loader.exec_module(new_module)
  File "<frozen importlib._bootstrap_external>", line 843, in exec_module
  File "<frozen importlib._bootstrap>", line 219, in _call_with_frames_removed
  File "/opt/airflow/dags/yahoo_elt_pipeline.py", line 4, in <module>
    import yfinance as yf
ModuleNotFoundError: No module named 'yfinance'
[2023-11-05T23:34:04.426+0000] {processor.py:841} WARNING - No viable dags retrieved from /opt/airflow/dags/yahoo_elt_pipeline.py
[2023-11-05T23:34:04.569+0000] {processor.py:179} INFO - Processing /opt/airflow/dags/yahoo_elt_pipeline.py took 0.194 seconds
[2023-11-05T23:34:34.646+0000] {processor.py:157} INFO - Started process (PID=1547) to work on /opt/airflow/dags/yahoo_elt_pipeline.py
[2023-11-05T23:34:34.649+0000] {processor.py:829} INFO - Processing file /opt/airflow/dags/yahoo_elt_pipeline.py for tasks to queue
[2023-11-05T23:34:34.651+0000] {logging_mixin.py:151} INFO - [2023-11-05T23:34:34.651+0000] {dagbag.py:536} INFO - Filling up the DagBag from /opt/airflow/dags/yahoo_elt_pipeline.py
[2023-11-05T23:34:34.670+0000] {logging_mixin.py:151} INFO - [2023-11-05T23:34:34.666+0000] {dagbag.py:346} ERROR - Failed to import: /opt/airflow/dags/yahoo_elt_pipeline.py
Traceback (most recent call last):
  File "/home/airflow/.local/lib/python3.8/site-packages/airflow/models/dagbag.py", line 342, in parse
    loader.exec_module(new_module)
  File "<frozen importlib._bootstrap_external>", line 843, in exec_module
  File "<frozen importlib._bootstrap>", line 219, in _call_with_frames_removed
  File "/opt/airflow/dags/yahoo_elt_pipeline.py", line 4, in <module>
    import yfinance as yf
ModuleNotFoundError: No module named 'yfinance'
[2023-11-05T23:34:34.672+0000] {processor.py:841} WARNING - No viable dags retrieved from /opt/airflow/dags/yahoo_elt_pipeline.py
[2023-11-05T23:34:34.703+0000] {processor.py:179} INFO - Processing /opt/airflow/dags/yahoo_elt_pipeline.py took 0.061 seconds
[2023-11-05T23:35:04.853+0000] {processor.py:157} INFO - Started process (PID=1559) to work on /opt/airflow/dags/yahoo_elt_pipeline.py
[2023-11-05T23:35:04.855+0000] {processor.py:829} INFO - Processing file /opt/airflow/dags/yahoo_elt_pipeline.py for tasks to queue
[2023-11-05T23:35:04.857+0000] {logging_mixin.py:151} INFO - [2023-11-05T23:35:04.857+0000] {dagbag.py:536} INFO - Filling up the DagBag from /opt/airflow/dags/yahoo_elt_pipeline.py
[2023-11-05T23:35:04.875+0000] {logging_mixin.py:151} INFO - [2023-11-05T23:35:04.872+0000] {dagbag.py:346} ERROR - Failed to import: /opt/airflow/dags/yahoo_elt_pipeline.py
Traceback (most recent call last):
  File "/home/airflow/.local/lib/python3.8/site-packages/airflow/models/dagbag.py", line 342, in parse
    loader.exec_module(new_module)
  File "<frozen importlib._bootstrap_external>", line 843, in exec_module
  File "<frozen importlib._bootstrap>", line 219, in _call_with_frames_removed
  File "/opt/airflow/dags/yahoo_elt_pipeline.py", line 4, in <module>
    import yfinance as yf
ModuleNotFoundError: No module named 'yfinance'
[2023-11-05T23:35:04.876+0000] {processor.py:841} WARNING - No viable dags retrieved from /opt/airflow/dags/yahoo_elt_pipeline.py
[2023-11-05T23:35:04.906+0000] {processor.py:179} INFO - Processing /opt/airflow/dags/yahoo_elt_pipeline.py took 0.057 seconds
[2023-11-05T23:35:35.115+0000] {processor.py:157} INFO - Started process (PID=1571) to work on /opt/airflow/dags/yahoo_elt_pipeline.py
[2023-11-05T23:35:35.121+0000] {processor.py:829} INFO - Processing file /opt/airflow/dags/yahoo_elt_pipeline.py for tasks to queue
[2023-11-05T23:35:35.129+0000] {logging_mixin.py:151} INFO - [2023-11-05T23:35:35.127+0000] {dagbag.py:536} INFO - Filling up the DagBag from /opt/airflow/dags/yahoo_elt_pipeline.py
[2023-11-05T23:35:35.186+0000] {logging_mixin.py:151} INFO - [2023-11-05T23:35:35.178+0000] {dagbag.py:346} ERROR - Failed to import: /opt/airflow/dags/yahoo_elt_pipeline.py
Traceback (most recent call last):
  File "/home/airflow/.local/lib/python3.8/site-packages/airflow/models/dagbag.py", line 342, in parse
    loader.exec_module(new_module)
  File "<frozen importlib._bootstrap_external>", line 843, in exec_module
  File "<frozen importlib._bootstrap>", line 219, in _call_with_frames_removed
  File "/opt/airflow/dags/yahoo_elt_pipeline.py", line 4, in <module>
    import yfinance as yf
ModuleNotFoundError: No module named 'yfinance'
[2023-11-05T23:35:35.194+0000] {processor.py:841} WARNING - No viable dags retrieved from /opt/airflow/dags/yahoo_elt_pipeline.py
[2023-11-05T23:35:35.266+0000] {processor.py:179} INFO - Processing /opt/airflow/dags/yahoo_elt_pipeline.py took 0.157 seconds
[2023-11-05T23:36:05.375+0000] {processor.py:157} INFO - Started process (PID=1583) to work on /opt/airflow/dags/yahoo_elt_pipeline.py
[2023-11-05T23:36:05.378+0000] {processor.py:829} INFO - Processing file /opt/airflow/dags/yahoo_elt_pipeline.py for tasks to queue
[2023-11-05T23:36:05.381+0000] {logging_mixin.py:151} INFO - [2023-11-05T23:36:05.381+0000] {dagbag.py:536} INFO - Filling up the DagBag from /opt/airflow/dags/yahoo_elt_pipeline.py
[2023-11-05T23:36:05.406+0000] {logging_mixin.py:151} INFO - [2023-11-05T23:36:05.401+0000] {dagbag.py:346} ERROR - Failed to import: /opt/airflow/dags/yahoo_elt_pipeline.py
Traceback (most recent call last):
  File "/home/airflow/.local/lib/python3.8/site-packages/airflow/models/dagbag.py", line 342, in parse
    loader.exec_module(new_module)
  File "<frozen importlib._bootstrap_external>", line 843, in exec_module
  File "<frozen importlib._bootstrap>", line 219, in _call_with_frames_removed
  File "/opt/airflow/dags/yahoo_elt_pipeline.py", line 4, in <module>
    import yfinance as yf
ModuleNotFoundError: No module named 'yfinance'
[2023-11-05T23:36:05.412+0000] {processor.py:841} WARNING - No viable dags retrieved from /opt/airflow/dags/yahoo_elt_pipeline.py
[2023-11-05T23:36:05.447+0000] {processor.py:179} INFO - Processing /opt/airflow/dags/yahoo_elt_pipeline.py took 0.077 seconds
[2023-11-05T23:36:35.651+0000] {processor.py:157} INFO - Started process (PID=1594) to work on /opt/airflow/dags/yahoo_elt_pipeline.py
[2023-11-05T23:36:35.653+0000] {processor.py:829} INFO - Processing file /opt/airflow/dags/yahoo_elt_pipeline.py for tasks to queue
[2023-11-05T23:36:35.656+0000] {logging_mixin.py:151} INFO - [2023-11-05T23:36:35.656+0000] {dagbag.py:536} INFO - Filling up the DagBag from /opt/airflow/dags/yahoo_elt_pipeline.py
[2023-11-05T23:36:35.673+0000] {logging_mixin.py:151} INFO - [2023-11-05T23:36:35.670+0000] {dagbag.py:346} ERROR - Failed to import: /opt/airflow/dags/yahoo_elt_pipeline.py
Traceback (most recent call last):
  File "/home/airflow/.local/lib/python3.8/site-packages/airflow/models/dagbag.py", line 342, in parse
    loader.exec_module(new_module)
  File "<frozen importlib._bootstrap_external>", line 843, in exec_module
  File "<frozen importlib._bootstrap>", line 219, in _call_with_frames_removed
  File "/opt/airflow/dags/yahoo_elt_pipeline.py", line 4, in <module>
    import yfinance as yf
ModuleNotFoundError: No module named 'yfinance'
[2023-11-05T23:36:35.674+0000] {processor.py:841} WARNING - No viable dags retrieved from /opt/airflow/dags/yahoo_elt_pipeline.py
[2023-11-05T23:36:35.705+0000] {processor.py:179} INFO - Processing /opt/airflow/dags/yahoo_elt_pipeline.py took 0.057 seconds
[2023-11-05T23:37:06.029+0000] {processor.py:157} INFO - Started process (PID=1606) to work on /opt/airflow/dags/yahoo_elt_pipeline.py
[2023-11-05T23:37:06.031+0000] {processor.py:829} INFO - Processing file /opt/airflow/dags/yahoo_elt_pipeline.py for tasks to queue
[2023-11-05T23:37:06.033+0000] {logging_mixin.py:151} INFO - [2023-11-05T23:37:06.033+0000] {dagbag.py:536} INFO - Filling up the DagBag from /opt/airflow/dags/yahoo_elt_pipeline.py
[2023-11-05T23:37:06.060+0000] {logging_mixin.py:151} INFO - [2023-11-05T23:37:06.056+0000] {dagbag.py:346} ERROR - Failed to import: /opt/airflow/dags/yahoo_elt_pipeline.py
Traceback (most recent call last):
  File "/home/airflow/.local/lib/python3.8/site-packages/airflow/models/dagbag.py", line 342, in parse
    loader.exec_module(new_module)
  File "<frozen importlib._bootstrap_external>", line 843, in exec_module
  File "<frozen importlib._bootstrap>", line 219, in _call_with_frames_removed
  File "/opt/airflow/dags/yahoo_elt_pipeline.py", line 4, in <module>
    import yfinance as yf
ModuleNotFoundError: No module named 'yfinance'
[2023-11-05T23:37:06.062+0000] {processor.py:841} WARNING - No viable dags retrieved from /opt/airflow/dags/yahoo_elt_pipeline.py
[2023-11-05T23:37:06.088+0000] {processor.py:179} INFO - Processing /opt/airflow/dags/yahoo_elt_pipeline.py took 0.063 seconds
[2023-11-05T23:37:36.351+0000] {processor.py:157} INFO - Started process (PID=1618) to work on /opt/airflow/dags/yahoo_elt_pipeline.py
[2023-11-05T23:37:36.353+0000] {processor.py:829} INFO - Processing file /opt/airflow/dags/yahoo_elt_pipeline.py for tasks to queue
[2023-11-05T23:37:36.358+0000] {logging_mixin.py:151} INFO - [2023-11-05T23:37:36.358+0000] {dagbag.py:536} INFO - Filling up the DagBag from /opt/airflow/dags/yahoo_elt_pipeline.py
[2023-11-05T23:37:36.385+0000] {logging_mixin.py:151} INFO - [2023-11-05T23:37:36.380+0000] {dagbag.py:346} ERROR - Failed to import: /opt/airflow/dags/yahoo_elt_pipeline.py
Traceback (most recent call last):
  File "/home/airflow/.local/lib/python3.8/site-packages/airflow/models/dagbag.py", line 342, in parse
    loader.exec_module(new_module)
  File "<frozen importlib._bootstrap_external>", line 843, in exec_module
  File "<frozen importlib._bootstrap>", line 219, in _call_with_frames_removed
  File "/opt/airflow/dags/yahoo_elt_pipeline.py", line 4, in <module>
    import yfinance as yf
ModuleNotFoundError: No module named 'yfinance'
[2023-11-05T23:37:36.387+0000] {processor.py:841} WARNING - No viable dags retrieved from /opt/airflow/dags/yahoo_elt_pipeline.py
[2023-11-05T23:37:36.426+0000] {processor.py:179} INFO - Processing /opt/airflow/dags/yahoo_elt_pipeline.py took 0.079 seconds
[2023-11-05T23:38:06.635+0000] {processor.py:157} INFO - Started process (PID=1630) to work on /opt/airflow/dags/yahoo_elt_pipeline.py
[2023-11-05T23:38:06.638+0000] {processor.py:829} INFO - Processing file /opt/airflow/dags/yahoo_elt_pipeline.py for tasks to queue
[2023-11-05T23:38:06.641+0000] {logging_mixin.py:151} INFO - [2023-11-05T23:38:06.640+0000] {dagbag.py:536} INFO - Filling up the DagBag from /opt/airflow/dags/yahoo_elt_pipeline.py
[2023-11-05T23:38:06.674+0000] {logging_mixin.py:151} INFO - [2023-11-05T23:38:06.666+0000] {dagbag.py:346} ERROR - Failed to import: /opt/airflow/dags/yahoo_elt_pipeline.py
Traceback (most recent call last):
  File "/home/airflow/.local/lib/python3.8/site-packages/airflow/models/dagbag.py", line 342, in parse
    loader.exec_module(new_module)
  File "<frozen importlib._bootstrap_external>", line 843, in exec_module
  File "<frozen importlib._bootstrap>", line 219, in _call_with_frames_removed
  File "/opt/airflow/dags/yahoo_elt_pipeline.py", line 4, in <module>
    import yfinance as yf
ModuleNotFoundError: No module named 'yfinance'
[2023-11-05T23:38:06.679+0000] {processor.py:841} WARNING - No viable dags retrieved from /opt/airflow/dags/yahoo_elt_pipeline.py
[2023-11-05T23:38:06.744+0000] {processor.py:179} INFO - Processing /opt/airflow/dags/yahoo_elt_pipeline.py took 0.116 seconds
[2023-11-05T23:38:36.992+0000] {processor.py:157} INFO - Started process (PID=1642) to work on /opt/airflow/dags/yahoo_elt_pipeline.py
[2023-11-05T23:38:36.996+0000] {processor.py:829} INFO - Processing file /opt/airflow/dags/yahoo_elt_pipeline.py for tasks to queue
[2023-11-05T23:38:36.999+0000] {logging_mixin.py:151} INFO - [2023-11-05T23:38:36.999+0000] {dagbag.py:536} INFO - Filling up the DagBag from /opt/airflow/dags/yahoo_elt_pipeline.py
[2023-11-05T23:38:37.038+0000] {logging_mixin.py:151} INFO - [2023-11-05T23:38:37.032+0000] {dagbag.py:346} ERROR - Failed to import: /opt/airflow/dags/yahoo_elt_pipeline.py
Traceback (most recent call last):
  File "/home/airflow/.local/lib/python3.8/site-packages/airflow/models/dagbag.py", line 342, in parse
    loader.exec_module(new_module)
  File "<frozen importlib._bootstrap_external>", line 843, in exec_module
  File "<frozen importlib._bootstrap>", line 219, in _call_with_frames_removed
  File "/opt/airflow/dags/yahoo_elt_pipeline.py", line 4, in <module>
    import yfinance as yf
ModuleNotFoundError: No module named 'yfinance'
[2023-11-05T23:38:37.046+0000] {processor.py:841} WARNING - No viable dags retrieved from /opt/airflow/dags/yahoo_elt_pipeline.py
[2023-11-05T23:38:37.088+0000] {processor.py:179} INFO - Processing /opt/airflow/dags/yahoo_elt_pipeline.py took 0.101 seconds
[2023-11-05T23:39:07.249+0000] {processor.py:157} INFO - Started process (PID=1654) to work on /opt/airflow/dags/yahoo_elt_pipeline.py
[2023-11-05T23:39:07.250+0000] {processor.py:829} INFO - Processing file /opt/airflow/dags/yahoo_elt_pipeline.py for tasks to queue
[2023-11-05T23:39:07.254+0000] {logging_mixin.py:151} INFO - [2023-11-05T23:39:07.253+0000] {dagbag.py:536} INFO - Filling up the DagBag from /opt/airflow/dags/yahoo_elt_pipeline.py
[2023-11-05T23:39:07.282+0000] {logging_mixin.py:151} INFO - [2023-11-05T23:39:07.277+0000] {dagbag.py:346} ERROR - Failed to import: /opt/airflow/dags/yahoo_elt_pipeline.py
Traceback (most recent call last):
  File "/home/airflow/.local/lib/python3.8/site-packages/airflow/models/dagbag.py", line 342, in parse
    loader.exec_module(new_module)
  File "<frozen importlib._bootstrap_external>", line 843, in exec_module
  File "<frozen importlib._bootstrap>", line 219, in _call_with_frames_removed
  File "/opt/airflow/dags/yahoo_elt_pipeline.py", line 4, in <module>
    import yfinance as yf
ModuleNotFoundError: No module named 'yfinance'
[2023-11-05T23:39:07.284+0000] {processor.py:841} WARNING - No viable dags retrieved from /opt/airflow/dags/yahoo_elt_pipeline.py
[2023-11-05T23:39:07.325+0000] {processor.py:179} INFO - Processing /opt/airflow/dags/yahoo_elt_pipeline.py took 0.081 seconds
[2023-11-05T23:39:37.600+0000] {processor.py:157} INFO - Started process (PID=1665) to work on /opt/airflow/dags/yahoo_elt_pipeline.py
[2023-11-05T23:39:37.608+0000] {processor.py:829} INFO - Processing file /opt/airflow/dags/yahoo_elt_pipeline.py for tasks to queue
[2023-11-05T23:39:37.613+0000] {logging_mixin.py:151} INFO - [2023-11-05T23:39:37.612+0000] {dagbag.py:536} INFO - Filling up the DagBag from /opt/airflow/dags/yahoo_elt_pipeline.py
[2023-11-05T23:39:37.654+0000] {logging_mixin.py:151} INFO - [2023-11-05T23:39:37.650+0000] {dagbag.py:346} ERROR - Failed to import: /opt/airflow/dags/yahoo_elt_pipeline.py
Traceback (most recent call last):
  File "/home/airflow/.local/lib/python3.8/site-packages/airflow/models/dagbag.py", line 342, in parse
    loader.exec_module(new_module)
  File "<frozen importlib._bootstrap_external>", line 843, in exec_module
  File "<frozen importlib._bootstrap>", line 219, in _call_with_frames_removed
  File "/opt/airflow/dags/yahoo_elt_pipeline.py", line 4, in <module>
    import yfinance as yf
ModuleNotFoundError: No module named 'yfinance'
[2023-11-05T23:39:37.656+0000] {processor.py:841} WARNING - No viable dags retrieved from /opt/airflow/dags/yahoo_elt_pipeline.py
[2023-11-05T23:39:37.722+0000] {processor.py:179} INFO - Processing /opt/airflow/dags/yahoo_elt_pipeline.py took 0.132 seconds
[2023-11-05T23:40:07.997+0000] {processor.py:157} INFO - Started process (PID=1678) to work on /opt/airflow/dags/yahoo_elt_pipeline.py
[2023-11-05T23:40:08.003+0000] {processor.py:829} INFO - Processing file /opt/airflow/dags/yahoo_elt_pipeline.py for tasks to queue
[2023-11-05T23:40:08.008+0000] {logging_mixin.py:151} INFO - [2023-11-05T23:40:08.008+0000] {dagbag.py:536} INFO - Filling up the DagBag from /opt/airflow/dags/yahoo_elt_pipeline.py
[2023-11-05T23:40:08.042+0000] {logging_mixin.py:151} INFO - [2023-11-05T23:40:08.038+0000] {dagbag.py:346} ERROR - Failed to import: /opt/airflow/dags/yahoo_elt_pipeline.py
Traceback (most recent call last):
  File "/home/airflow/.local/lib/python3.8/site-packages/airflow/models/dagbag.py", line 342, in parse
    loader.exec_module(new_module)
  File "<frozen importlib._bootstrap_external>", line 843, in exec_module
  File "<frozen importlib._bootstrap>", line 219, in _call_with_frames_removed
  File "/opt/airflow/dags/yahoo_elt_pipeline.py", line 4, in <module>
    import yfinance as yf
ModuleNotFoundError: No module named 'yfinance'
[2023-11-05T23:40:08.045+0000] {processor.py:841} WARNING - No viable dags retrieved from /opt/airflow/dags/yahoo_elt_pipeline.py
[2023-11-05T23:40:08.088+0000] {processor.py:179} INFO - Processing /opt/airflow/dags/yahoo_elt_pipeline.py took 0.098 seconds
[2023-11-05T23:40:38.280+0000] {processor.py:157} INFO - Started process (PID=1690) to work on /opt/airflow/dags/yahoo_elt_pipeline.py
[2023-11-05T23:40:38.282+0000] {processor.py:829} INFO - Processing file /opt/airflow/dags/yahoo_elt_pipeline.py for tasks to queue
[2023-11-05T23:40:38.285+0000] {logging_mixin.py:151} INFO - [2023-11-05T23:40:38.284+0000] {dagbag.py:536} INFO - Filling up the DagBag from /opt/airflow/dags/yahoo_elt_pipeline.py
[2023-11-05T23:40:38.305+0000] {logging_mixin.py:151} INFO - [2023-11-05T23:40:38.301+0000] {dagbag.py:346} ERROR - Failed to import: /opt/airflow/dags/yahoo_elt_pipeline.py
Traceback (most recent call last):
  File "/home/airflow/.local/lib/python3.8/site-packages/airflow/models/dagbag.py", line 342, in parse
    loader.exec_module(new_module)
  File "<frozen importlib._bootstrap_external>", line 843, in exec_module
  File "<frozen importlib._bootstrap>", line 219, in _call_with_frames_removed
  File "/opt/airflow/dags/yahoo_elt_pipeline.py", line 4, in <module>
    import yfinance as yf
ModuleNotFoundError: No module named 'yfinance'
[2023-11-05T23:40:38.307+0000] {processor.py:841} WARNING - No viable dags retrieved from /opt/airflow/dags/yahoo_elt_pipeline.py
[2023-11-05T23:40:38.349+0000] {processor.py:179} INFO - Processing /opt/airflow/dags/yahoo_elt_pipeline.py took 0.076 seconds
[2023-11-05T23:41:08.507+0000] {processor.py:157} INFO - Started process (PID=1701) to work on /opt/airflow/dags/yahoo_elt_pipeline.py
[2023-11-05T23:41:08.509+0000] {processor.py:829} INFO - Processing file /opt/airflow/dags/yahoo_elt_pipeline.py for tasks to queue
[2023-11-05T23:41:08.512+0000] {logging_mixin.py:151} INFO - [2023-11-05T23:41:08.511+0000] {dagbag.py:536} INFO - Filling up the DagBag from /opt/airflow/dags/yahoo_elt_pipeline.py
[2023-11-05T23:41:08.536+0000] {logging_mixin.py:151} INFO - [2023-11-05T23:41:08.530+0000] {dagbag.py:346} ERROR - Failed to import: /opt/airflow/dags/yahoo_elt_pipeline.py
Traceback (most recent call last):
  File "/home/airflow/.local/lib/python3.8/site-packages/airflow/models/dagbag.py", line 342, in parse
    loader.exec_module(new_module)
  File "<frozen importlib._bootstrap_external>", line 843, in exec_module
  File "<frozen importlib._bootstrap>", line 219, in _call_with_frames_removed
  File "/opt/airflow/dags/yahoo_elt_pipeline.py", line 4, in <module>
    import yfinance as yf
ModuleNotFoundError: No module named 'yfinance'
[2023-11-05T23:41:08.537+0000] {processor.py:841} WARNING - No viable dags retrieved from /opt/airflow/dags/yahoo_elt_pipeline.py
[2023-11-05T23:41:08.570+0000] {processor.py:179} INFO - Processing /opt/airflow/dags/yahoo_elt_pipeline.py took 0.067 seconds
[2023-11-05T23:41:38.919+0000] {processor.py:157} INFO - Started process (PID=1713) to work on /opt/airflow/dags/yahoo_elt_pipeline.py
[2023-11-05T23:41:38.924+0000] {processor.py:829} INFO - Processing file /opt/airflow/dags/yahoo_elt_pipeline.py for tasks to queue
[2023-11-05T23:41:38.928+0000] {logging_mixin.py:151} INFO - [2023-11-05T23:41:38.927+0000] {dagbag.py:536} INFO - Filling up the DagBag from /opt/airflow/dags/yahoo_elt_pipeline.py
[2023-11-05T23:41:38.957+0000] {logging_mixin.py:151} INFO - [2023-11-05T23:41:38.952+0000] {dagbag.py:346} ERROR - Failed to import: /opt/airflow/dags/yahoo_elt_pipeline.py
Traceback (most recent call last):
  File "/home/airflow/.local/lib/python3.8/site-packages/airflow/models/dagbag.py", line 342, in parse
    loader.exec_module(new_module)
  File "<frozen importlib._bootstrap_external>", line 843, in exec_module
  File "<frozen importlib._bootstrap>", line 219, in _call_with_frames_removed
  File "/opt/airflow/dags/yahoo_elt_pipeline.py", line 4, in <module>
    import yfinance as yf
ModuleNotFoundError: No module named 'yfinance'
[2023-11-05T23:41:38.961+0000] {processor.py:841} WARNING - No viable dags retrieved from /opt/airflow/dags/yahoo_elt_pipeline.py
[2023-11-05T23:41:38.998+0000] {processor.py:179} INFO - Processing /opt/airflow/dags/yahoo_elt_pipeline.py took 0.085 seconds
[2023-11-05T23:42:09.122+0000] {processor.py:157} INFO - Started process (PID=1725) to work on /opt/airflow/dags/yahoo_elt_pipeline.py
[2023-11-05T23:42:09.125+0000] {processor.py:829} INFO - Processing file /opt/airflow/dags/yahoo_elt_pipeline.py for tasks to queue
[2023-11-05T23:42:09.127+0000] {logging_mixin.py:151} INFO - [2023-11-05T23:42:09.126+0000] {dagbag.py:536} INFO - Filling up the DagBag from /opt/airflow/dags/yahoo_elt_pipeline.py
[2023-11-05T23:42:09.144+0000] {logging_mixin.py:151} INFO - [2023-11-05T23:42:09.141+0000] {dagbag.py:346} ERROR - Failed to import: /opt/airflow/dags/yahoo_elt_pipeline.py
Traceback (most recent call last):
  File "/home/airflow/.local/lib/python3.8/site-packages/airflow/models/dagbag.py", line 342, in parse
    loader.exec_module(new_module)
  File "<frozen importlib._bootstrap_external>", line 843, in exec_module
  File "<frozen importlib._bootstrap>", line 219, in _call_with_frames_removed
  File "/opt/airflow/dags/yahoo_elt_pipeline.py", line 4, in <module>
    import yfinance as yf
ModuleNotFoundError: No module named 'yfinance'
[2023-11-05T23:42:09.147+0000] {processor.py:841} WARNING - No viable dags retrieved from /opt/airflow/dags/yahoo_elt_pipeline.py
[2023-11-05T23:42:09.183+0000] {processor.py:179} INFO - Processing /opt/airflow/dags/yahoo_elt_pipeline.py took 0.065 seconds
[2023-11-05T23:42:39.641+0000] {processor.py:157} INFO - Started process (PID=1736) to work on /opt/airflow/dags/yahoo_elt_pipeline.py
[2023-11-05T23:42:39.671+0000] {processor.py:829} INFO - Processing file /opt/airflow/dags/yahoo_elt_pipeline.py for tasks to queue
[2023-11-05T23:42:39.735+0000] {logging_mixin.py:151} INFO - [2023-11-05T23:42:39.730+0000] {dagbag.py:536} INFO - Filling up the DagBag from /opt/airflow/dags/yahoo_elt_pipeline.py
[2023-11-05T23:42:39.946+0000] {logging_mixin.py:151} INFO - [2023-11-05T23:42:39.913+0000] {dagbag.py:346} ERROR - Failed to import: /opt/airflow/dags/yahoo_elt_pipeline.py
Traceback (most recent call last):
  File "/home/airflow/.local/lib/python3.8/site-packages/airflow/models/dagbag.py", line 342, in parse
    loader.exec_module(new_module)
  File "<frozen importlib._bootstrap_external>", line 843, in exec_module
  File "<frozen importlib._bootstrap>", line 219, in _call_with_frames_removed
  File "/opt/airflow/dags/yahoo_elt_pipeline.py", line 4, in <module>
    import yfinance as yf
ModuleNotFoundError: No module named 'yfinance'
[2023-11-05T23:42:39.968+0000] {processor.py:841} WARNING - No viable dags retrieved from /opt/airflow/dags/yahoo_elt_pipeline.py
[2023-11-05T23:42:40.296+0000] {processor.py:179} INFO - Processing /opt/airflow/dags/yahoo_elt_pipeline.py took 0.710 seconds
[2023-11-05T23:43:10.858+0000] {processor.py:157} INFO - Started process (PID=1748) to work on /opt/airflow/dags/yahoo_elt_pipeline.py
[2023-11-05T23:43:10.863+0000] {processor.py:829} INFO - Processing file /opt/airflow/dags/yahoo_elt_pipeline.py for tasks to queue
[2023-11-05T23:43:10.869+0000] {logging_mixin.py:151} INFO - [2023-11-05T23:43:10.867+0000] {dagbag.py:536} INFO - Filling up the DagBag from /opt/airflow/dags/yahoo_elt_pipeline.py
[2023-11-05T23:43:10.926+0000] {logging_mixin.py:151} INFO - [2023-11-05T23:43:10.921+0000] {dagbag.py:346} ERROR - Failed to import: /opt/airflow/dags/yahoo_elt_pipeline.py
Traceback (most recent call last):
  File "/home/airflow/.local/lib/python3.8/site-packages/airflow/models/dagbag.py", line 342, in parse
    loader.exec_module(new_module)
  File "<frozen importlib._bootstrap_external>", line 843, in exec_module
  File "<frozen importlib._bootstrap>", line 219, in _call_with_frames_removed
  File "/opt/airflow/dags/yahoo_elt_pipeline.py", line 4, in <module>
    import yfinance as yf
ModuleNotFoundError: No module named 'yfinance'
[2023-11-05T23:43:10.935+0000] {processor.py:841} WARNING - No viable dags retrieved from /opt/airflow/dags/yahoo_elt_pipeline.py
[2023-11-05T23:43:11.050+0000] {processor.py:179} INFO - Processing /opt/airflow/dags/yahoo_elt_pipeline.py took 0.205 seconds
[2023-11-05T23:43:41.404+0000] {processor.py:157} INFO - Started process (PID=1759) to work on /opt/airflow/dags/yahoo_elt_pipeline.py
[2023-11-05T23:43:41.407+0000] {processor.py:829} INFO - Processing file /opt/airflow/dags/yahoo_elt_pipeline.py for tasks to queue
[2023-11-05T23:43:41.409+0000] {logging_mixin.py:151} INFO - [2023-11-05T23:43:41.408+0000] {dagbag.py:536} INFO - Filling up the DagBag from /opt/airflow/dags/yahoo_elt_pipeline.py
[2023-11-05T23:43:41.436+0000] {logging_mixin.py:151} INFO - [2023-11-05T23:43:41.432+0000] {dagbag.py:346} ERROR - Failed to import: /opt/airflow/dags/yahoo_elt_pipeline.py
Traceback (most recent call last):
  File "/home/airflow/.local/lib/python3.8/site-packages/airflow/models/dagbag.py", line 342, in parse
    loader.exec_module(new_module)
  File "<frozen importlib._bootstrap_external>", line 843, in exec_module
  File "<frozen importlib._bootstrap>", line 219, in _call_with_frames_removed
  File "/opt/airflow/dags/yahoo_elt_pipeline.py", line 4, in <module>
    import yfinance as yf
ModuleNotFoundError: No module named 'yfinance'
[2023-11-05T23:43:41.438+0000] {processor.py:841} WARNING - No viable dags retrieved from /opt/airflow/dags/yahoo_elt_pipeline.py
[2023-11-05T23:43:41.502+0000] {processor.py:179} INFO - Processing /opt/airflow/dags/yahoo_elt_pipeline.py took 0.103 seconds
[2023-11-05T23:44:11.894+0000] {processor.py:157} INFO - Started process (PID=1771) to work on /opt/airflow/dags/yahoo_elt_pipeline.py
[2023-11-05T23:44:11.902+0000] {processor.py:829} INFO - Processing file /opt/airflow/dags/yahoo_elt_pipeline.py for tasks to queue
[2023-11-05T23:44:11.911+0000] {logging_mixin.py:151} INFO - [2023-11-05T23:44:11.907+0000] {dagbag.py:536} INFO - Filling up the DagBag from /opt/airflow/dags/yahoo_elt_pipeline.py
[2023-11-05T23:44:11.987+0000] {logging_mixin.py:151} INFO - [2023-11-05T23:44:11.972+0000] {dagbag.py:346} ERROR - Failed to import: /opt/airflow/dags/yahoo_elt_pipeline.py
Traceback (most recent call last):
  File "/home/airflow/.local/lib/python3.8/site-packages/airflow/models/dagbag.py", line 342, in parse
    loader.exec_module(new_module)
  File "<frozen importlib._bootstrap_external>", line 843, in exec_module
  File "<frozen importlib._bootstrap>", line 219, in _call_with_frames_removed
  File "/opt/airflow/dags/yahoo_elt_pipeline.py", line 4, in <module>
    import yfinance as yf
ModuleNotFoundError: No module named 'yfinance'
[2023-11-05T23:44:11.998+0000] {processor.py:841} WARNING - No viable dags retrieved from /opt/airflow/dags/yahoo_elt_pipeline.py
[2023-11-05T23:44:12.068+0000] {processor.py:179} INFO - Processing /opt/airflow/dags/yahoo_elt_pipeline.py took 0.186 seconds
[2023-11-05T23:44:42.792+0000] {processor.py:157} INFO - Started process (PID=1783) to work on /opt/airflow/dags/yahoo_elt_pipeline.py
[2023-11-05T23:44:42.799+0000] {processor.py:829} INFO - Processing file /opt/airflow/dags/yahoo_elt_pipeline.py for tasks to queue
[2023-11-05T23:44:42.807+0000] {logging_mixin.py:151} INFO - [2023-11-05T23:44:42.806+0000] {dagbag.py:536} INFO - Filling up the DagBag from /opt/airflow/dags/yahoo_elt_pipeline.py
[2023-11-05T23:44:42.904+0000] {logging_mixin.py:151} INFO - [2023-11-05T23:44:42.854+0000] {dagbag.py:346} ERROR - Failed to import: /opt/airflow/dags/yahoo_elt_pipeline.py
Traceback (most recent call last):
  File "/home/airflow/.local/lib/python3.8/site-packages/airflow/models/dagbag.py", line 342, in parse
    loader.exec_module(new_module)
  File "<frozen importlib._bootstrap_external>", line 843, in exec_module
  File "<frozen importlib._bootstrap>", line 219, in _call_with_frames_removed
  File "/opt/airflow/dags/yahoo_elt_pipeline.py", line 4, in <module>
    import yfinance as yf
ModuleNotFoundError: No module named 'yfinance'
[2023-11-05T23:44:42.917+0000] {processor.py:841} WARNING - No viable dags retrieved from /opt/airflow/dags/yahoo_elt_pipeline.py
[2023-11-05T23:44:43.005+0000] {processor.py:179} INFO - Processing /opt/airflow/dags/yahoo_elt_pipeline.py took 0.225 seconds
[2023-11-05T23:45:13.311+0000] {processor.py:157} INFO - Started process (PID=1796) to work on /opt/airflow/dags/yahoo_elt_pipeline.py
[2023-11-05T23:45:13.315+0000] {processor.py:829} INFO - Processing file /opt/airflow/dags/yahoo_elt_pipeline.py for tasks to queue
[2023-11-05T23:45:13.318+0000] {logging_mixin.py:151} INFO - [2023-11-05T23:45:13.317+0000] {dagbag.py:536} INFO - Filling up the DagBag from /opt/airflow/dags/yahoo_elt_pipeline.py
[2023-11-05T23:45:13.337+0000] {logging_mixin.py:151} INFO - [2023-11-05T23:45:13.332+0000] {dagbag.py:346} ERROR - Failed to import: /opt/airflow/dags/yahoo_elt_pipeline.py
Traceback (most recent call last):
  File "/home/airflow/.local/lib/python3.8/site-packages/airflow/models/dagbag.py", line 342, in parse
    loader.exec_module(new_module)
  File "<frozen importlib._bootstrap_external>", line 843, in exec_module
  File "<frozen importlib._bootstrap>", line 219, in _call_with_frames_removed
  File "/opt/airflow/dags/yahoo_elt_pipeline.py", line 4, in <module>
    import yfinance as yf
ModuleNotFoundError: No module named 'yfinance'
[2023-11-05T23:45:13.340+0000] {processor.py:841} WARNING - No viable dags retrieved from /opt/airflow/dags/yahoo_elt_pipeline.py
[2023-11-05T23:45:13.376+0000] {processor.py:179} INFO - Processing /opt/airflow/dags/yahoo_elt_pipeline.py took 0.070 seconds
[2023-11-05T23:45:43.856+0000] {processor.py:157} INFO - Started process (PID=1808) to work on /opt/airflow/dags/yahoo_elt_pipeline.py
[2023-11-05T23:45:43.860+0000] {processor.py:829} INFO - Processing file /opt/airflow/dags/yahoo_elt_pipeline.py for tasks to queue
[2023-11-05T23:45:43.871+0000] {logging_mixin.py:151} INFO - [2023-11-05T23:45:43.870+0000] {dagbag.py:536} INFO - Filling up the DagBag from /opt/airflow/dags/yahoo_elt_pipeline.py
[2023-11-05T23:45:43.930+0000] {logging_mixin.py:151} INFO - [2023-11-05T23:45:43.918+0000] {dagbag.py:346} ERROR - Failed to import: /opt/airflow/dags/yahoo_elt_pipeline.py
Traceback (most recent call last):
  File "/home/airflow/.local/lib/python3.8/site-packages/airflow/models/dagbag.py", line 342, in parse
    loader.exec_module(new_module)
  File "<frozen importlib._bootstrap_external>", line 843, in exec_module
  File "<frozen importlib._bootstrap>", line 219, in _call_with_frames_removed
  File "/opt/airflow/dags/yahoo_elt_pipeline.py", line 4, in <module>
    import yfinance as yf
ModuleNotFoundError: No module named 'yfinance'
[2023-11-05T23:45:43.940+0000] {processor.py:841} WARNING - No viable dags retrieved from /opt/airflow/dags/yahoo_elt_pipeline.py
[2023-11-05T23:45:44.157+0000] {processor.py:179} INFO - Processing /opt/airflow/dags/yahoo_elt_pipeline.py took 0.375 seconds
[2023-11-05T23:46:14.627+0000] {processor.py:157} INFO - Started process (PID=1819) to work on /opt/airflow/dags/yahoo_elt_pipeline.py
[2023-11-05T23:46:14.630+0000] {processor.py:829} INFO - Processing file /opt/airflow/dags/yahoo_elt_pipeline.py for tasks to queue
[2023-11-05T23:46:14.632+0000] {logging_mixin.py:151} INFO - [2023-11-05T23:46:14.631+0000] {dagbag.py:536} INFO - Filling up the DagBag from /opt/airflow/dags/yahoo_elt_pipeline.py
[2023-11-05T23:46:14.652+0000] {logging_mixin.py:151} INFO - [2023-11-05T23:46:14.650+0000] {dagbag.py:346} ERROR - Failed to import: /opt/airflow/dags/yahoo_elt_pipeline.py
Traceback (most recent call last):
  File "/home/airflow/.local/lib/python3.8/site-packages/airflow/models/dagbag.py", line 342, in parse
    loader.exec_module(new_module)
  File "<frozen importlib._bootstrap_external>", line 843, in exec_module
  File "<frozen importlib._bootstrap>", line 219, in _call_with_frames_removed
  File "/opt/airflow/dags/yahoo_elt_pipeline.py", line 4, in <module>
    import yfinance as yf
ModuleNotFoundError: No module named 'yfinance'
[2023-11-05T23:46:14.654+0000] {processor.py:841} WARNING - No viable dags retrieved from /opt/airflow/dags/yahoo_elt_pipeline.py
[2023-11-05T23:46:14.704+0000] {processor.py:179} INFO - Processing /opt/airflow/dags/yahoo_elt_pipeline.py took 0.086 seconds
[2023-11-05T23:46:44.966+0000] {processor.py:157} INFO - Started process (PID=1831) to work on /opt/airflow/dags/yahoo_elt_pipeline.py
[2023-11-05T23:46:44.971+0000] {processor.py:829} INFO - Processing file /opt/airflow/dags/yahoo_elt_pipeline.py for tasks to queue
[2023-11-05T23:46:44.975+0000] {logging_mixin.py:151} INFO - [2023-11-05T23:46:44.975+0000] {dagbag.py:536} INFO - Filling up the DagBag from /opt/airflow/dags/yahoo_elt_pipeline.py
[2023-11-05T23:46:45.015+0000] {logging_mixin.py:151} INFO - [2023-11-05T23:46:45.011+0000] {dagbag.py:346} ERROR - Failed to import: /opt/airflow/dags/yahoo_elt_pipeline.py
Traceback (most recent call last):
  File "/home/airflow/.local/lib/python3.8/site-packages/airflow/models/dagbag.py", line 342, in parse
    loader.exec_module(new_module)
  File "<frozen importlib._bootstrap_external>", line 843, in exec_module
  File "<frozen importlib._bootstrap>", line 219, in _call_with_frames_removed
  File "/opt/airflow/dags/yahoo_elt_pipeline.py", line 4, in <module>
    import yfinance as yf
ModuleNotFoundError: No module named 'yfinance'
[2023-11-05T23:46:45.017+0000] {processor.py:841} WARNING - No viable dags retrieved from /opt/airflow/dags/yahoo_elt_pipeline.py
[2023-11-05T23:46:45.059+0000] {processor.py:179} INFO - Processing /opt/airflow/dags/yahoo_elt_pipeline.py took 0.097 seconds
[2023-11-05T23:47:15.342+0000] {processor.py:157} INFO - Started process (PID=1843) to work on /opt/airflow/dags/yahoo_elt_pipeline.py
[2023-11-05T23:47:15.344+0000] {processor.py:829} INFO - Processing file /opt/airflow/dags/yahoo_elt_pipeline.py for tasks to queue
[2023-11-05T23:47:15.348+0000] {logging_mixin.py:151} INFO - [2023-11-05T23:47:15.346+0000] {dagbag.py:536} INFO - Filling up the DagBag from /opt/airflow/dags/yahoo_elt_pipeline.py
[2023-11-05T23:47:15.385+0000] {logging_mixin.py:151} INFO - [2023-11-05T23:47:15.378+0000] {dagbag.py:346} ERROR - Failed to import: /opt/airflow/dags/yahoo_elt_pipeline.py
Traceback (most recent call last):
  File "/home/airflow/.local/lib/python3.8/site-packages/airflow/models/dagbag.py", line 342, in parse
    loader.exec_module(new_module)
  File "<frozen importlib._bootstrap_external>", line 843, in exec_module
  File "<frozen importlib._bootstrap>", line 219, in _call_with_frames_removed
  File "/opt/airflow/dags/yahoo_elt_pipeline.py", line 4, in <module>
    import yfinance as yf
ModuleNotFoundError: No module named 'yfinance'
[2023-11-05T23:47:15.388+0000] {processor.py:841} WARNING - No viable dags retrieved from /opt/airflow/dags/yahoo_elt_pipeline.py
[2023-11-05T23:47:15.439+0000] {processor.py:179} INFO - Processing /opt/airflow/dags/yahoo_elt_pipeline.py took 0.103 seconds
[2023-11-05T23:47:45.696+0000] {processor.py:157} INFO - Started process (PID=1854) to work on /opt/airflow/dags/yahoo_elt_pipeline.py
[2023-11-05T23:47:45.698+0000] {processor.py:829} INFO - Processing file /opt/airflow/dags/yahoo_elt_pipeline.py for tasks to queue
[2023-11-05T23:47:45.700+0000] {logging_mixin.py:151} INFO - [2023-11-05T23:47:45.699+0000] {dagbag.py:536} INFO - Filling up the DagBag from /opt/airflow/dags/yahoo_elt_pipeline.py
[2023-11-05T23:47:45.746+0000] {logging_mixin.py:151} INFO - [2023-11-05T23:47:45.743+0000] {dagbag.py:346} ERROR - Failed to import: /opt/airflow/dags/yahoo_elt_pipeline.py
Traceback (most recent call last):
  File "/home/airflow/.local/lib/python3.8/site-packages/airflow/models/dagbag.py", line 342, in parse
    loader.exec_module(new_module)
  File "<frozen importlib._bootstrap_external>", line 843, in exec_module
  File "<frozen importlib._bootstrap>", line 219, in _call_with_frames_removed
  File "/opt/airflow/dags/yahoo_elt_pipeline.py", line 4, in <module>
    import yfinance as yf
ModuleNotFoundError: No module named 'yfinance'
[2023-11-05T23:47:45.757+0000] {processor.py:841} WARNING - No viable dags retrieved from /opt/airflow/dags/yahoo_elt_pipeline.py
[2023-11-05T23:47:45.795+0000] {processor.py:179} INFO - Processing /opt/airflow/dags/yahoo_elt_pipeline.py took 0.103 seconds
[2023-11-05T23:48:16.045+0000] {processor.py:157} INFO - Started process (PID=1866) to work on /opt/airflow/dags/yahoo_elt_pipeline.py
[2023-11-05T23:48:16.047+0000] {processor.py:829} INFO - Processing file /opt/airflow/dags/yahoo_elt_pipeline.py for tasks to queue
[2023-11-05T23:48:16.049+0000] {logging_mixin.py:151} INFO - [2023-11-05T23:48:16.048+0000] {dagbag.py:536} INFO - Filling up the DagBag from /opt/airflow/dags/yahoo_elt_pipeline.py
[2023-11-05T23:48:16.078+0000] {logging_mixin.py:151} INFO - [2023-11-05T23:48:16.072+0000] {dagbag.py:346} ERROR - Failed to import: /opt/airflow/dags/yahoo_elt_pipeline.py
Traceback (most recent call last):
  File "/home/airflow/.local/lib/python3.8/site-packages/airflow/models/dagbag.py", line 342, in parse
    loader.exec_module(new_module)
  File "<frozen importlib._bootstrap_external>", line 843, in exec_module
  File "<frozen importlib._bootstrap>", line 219, in _call_with_frames_removed
  File "/opt/airflow/dags/yahoo_elt_pipeline.py", line 4, in <module>
    import yfinance as yf
ModuleNotFoundError: No module named 'yfinance'
[2023-11-05T23:48:16.082+0000] {processor.py:841} WARNING - No viable dags retrieved from /opt/airflow/dags/yahoo_elt_pipeline.py
[2023-11-05T23:48:16.115+0000] {processor.py:179} INFO - Processing /opt/airflow/dags/yahoo_elt_pipeline.py took 0.076 seconds
[2023-11-05T23:48:46.295+0000] {processor.py:157} INFO - Started process (PID=1878) to work on /opt/airflow/dags/yahoo_elt_pipeline.py
[2023-11-05T23:48:46.308+0000] {processor.py:829} INFO - Processing file /opt/airflow/dags/yahoo_elt_pipeline.py for tasks to queue
[2023-11-05T23:48:46.316+0000] {logging_mixin.py:151} INFO - [2023-11-05T23:48:46.315+0000] {dagbag.py:536} INFO - Filling up the DagBag from /opt/airflow/dags/yahoo_elt_pipeline.py
[2023-11-05T23:48:46.454+0000] {logging_mixin.py:151} INFO - [2023-11-05T23:48:46.445+0000] {dagbag.py:346} ERROR - Failed to import: /opt/airflow/dags/yahoo_elt_pipeline.py
Traceback (most recent call last):
  File "/home/airflow/.local/lib/python3.8/site-packages/airflow/models/dagbag.py", line 342, in parse
    loader.exec_module(new_module)
  File "<frozen importlib._bootstrap_external>", line 843, in exec_module
  File "<frozen importlib._bootstrap>", line 219, in _call_with_frames_removed
  File "/opt/airflow/dags/yahoo_elt_pipeline.py", line 4, in <module>
    import yfinance as yf
ModuleNotFoundError: No module named 'yfinance'
[2023-11-05T23:48:46.458+0000] {processor.py:841} WARNING - No viable dags retrieved from /opt/airflow/dags/yahoo_elt_pipeline.py
[2023-11-05T23:48:46.515+0000] {processor.py:179} INFO - Processing /opt/airflow/dags/yahoo_elt_pipeline.py took 0.226 seconds
[2023-11-05T23:49:16.713+0000] {processor.py:157} INFO - Started process (PID=1890) to work on /opt/airflow/dags/yahoo_elt_pipeline.py
[2023-11-05T23:49:16.724+0000] {processor.py:829} INFO - Processing file /opt/airflow/dags/yahoo_elt_pipeline.py for tasks to queue
[2023-11-05T23:49:16.732+0000] {logging_mixin.py:151} INFO - [2023-11-05T23:49:16.730+0000] {dagbag.py:536} INFO - Filling up the DagBag from /opt/airflow/dags/yahoo_elt_pipeline.py
[2023-11-05T23:49:16.789+0000] {logging_mixin.py:151} INFO - [2023-11-05T23:49:16.782+0000] {dagbag.py:346} ERROR - Failed to import: /opt/airflow/dags/yahoo_elt_pipeline.py
Traceback (most recent call last):
  File "/home/airflow/.local/lib/python3.8/site-packages/airflow/models/dagbag.py", line 342, in parse
    loader.exec_module(new_module)
  File "<frozen importlib._bootstrap_external>", line 843, in exec_module
  File "<frozen importlib._bootstrap>", line 219, in _call_with_frames_removed
  File "/opt/airflow/dags/yahoo_elt_pipeline.py", line 4, in <module>
    import yfinance as yf
ModuleNotFoundError: No module named 'yfinance'
[2023-11-05T23:49:16.807+0000] {processor.py:841} WARNING - No viable dags retrieved from /opt/airflow/dags/yahoo_elt_pipeline.py
[2023-11-05T23:49:16.876+0000] {processor.py:179} INFO - Processing /opt/airflow/dags/yahoo_elt_pipeline.py took 0.173 seconds
[2023-11-05T23:49:47.038+0000] {processor.py:157} INFO - Started process (PID=1902) to work on /opt/airflow/dags/yahoo_elt_pipeline.py
[2023-11-05T23:49:47.042+0000] {processor.py:829} INFO - Processing file /opt/airflow/dags/yahoo_elt_pipeline.py for tasks to queue
[2023-11-05T23:49:47.047+0000] {logging_mixin.py:151} INFO - [2023-11-05T23:49:47.046+0000] {dagbag.py:536} INFO - Filling up the DagBag from /opt/airflow/dags/yahoo_elt_pipeline.py
[2023-11-05T23:49:47.085+0000] {logging_mixin.py:151} INFO - [2023-11-05T23:49:47.079+0000] {dagbag.py:346} ERROR - Failed to import: /opt/airflow/dags/yahoo_elt_pipeline.py
Traceback (most recent call last):
  File "/home/airflow/.local/lib/python3.8/site-packages/airflow/models/dagbag.py", line 342, in parse
    loader.exec_module(new_module)
  File "<frozen importlib._bootstrap_external>", line 843, in exec_module
  File "<frozen importlib._bootstrap>", line 219, in _call_with_frames_removed
  File "/opt/airflow/dags/yahoo_elt_pipeline.py", line 4, in <module>
    import yfinance as yf
ModuleNotFoundError: No module named 'yfinance'
[2023-11-05T23:49:47.089+0000] {processor.py:841} WARNING - No viable dags retrieved from /opt/airflow/dags/yahoo_elt_pipeline.py
[2023-11-05T23:49:47.132+0000] {processor.py:179} INFO - Processing /opt/airflow/dags/yahoo_elt_pipeline.py took 0.101 seconds
[2023-11-05T23:50:17.578+0000] {processor.py:157} INFO - Started process (PID=1913) to work on /opt/airflow/dags/yahoo_elt_pipeline.py
[2023-11-05T23:50:17.588+0000] {processor.py:829} INFO - Processing file /opt/airflow/dags/yahoo_elt_pipeline.py for tasks to queue
[2023-11-05T23:50:17.605+0000] {logging_mixin.py:151} INFO - [2023-11-05T23:50:17.599+0000] {dagbag.py:536} INFO - Filling up the DagBag from /opt/airflow/dags/yahoo_elt_pipeline.py
[2023-11-05T23:50:17.724+0000] {logging_mixin.py:151} INFO - [2023-11-05T23:50:17.706+0000] {dagbag.py:346} ERROR - Failed to import: /opt/airflow/dags/yahoo_elt_pipeline.py
Traceback (most recent call last):
  File "/home/airflow/.local/lib/python3.8/site-packages/airflow/models/dagbag.py", line 342, in parse
    loader.exec_module(new_module)
  File "<frozen importlib._bootstrap_external>", line 843, in exec_module
  File "<frozen importlib._bootstrap>", line 219, in _call_with_frames_removed
  File "/opt/airflow/dags/yahoo_elt_pipeline.py", line 4, in <module>
    import yfinance as yf
ModuleNotFoundError: No module named 'yfinance'
[2023-11-05T23:50:17.730+0000] {processor.py:841} WARNING - No viable dags retrieved from /opt/airflow/dags/yahoo_elt_pipeline.py
[2023-11-05T23:50:17.876+0000] {processor.py:179} INFO - Processing /opt/airflow/dags/yahoo_elt_pipeline.py took 0.326 seconds
[2023-11-05T23:50:48.617+0000] {processor.py:157} INFO - Started process (PID=1925) to work on /opt/airflow/dags/yahoo_elt_pipeline.py
[2023-11-05T23:50:48.620+0000] {processor.py:829} INFO - Processing file /opt/airflow/dags/yahoo_elt_pipeline.py for tasks to queue
[2023-11-05T23:50:48.623+0000] {logging_mixin.py:151} INFO - [2023-11-05T23:50:48.622+0000] {dagbag.py:536} INFO - Filling up the DagBag from /opt/airflow/dags/yahoo_elt_pipeline.py
[2023-11-05T23:50:48.659+0000] {logging_mixin.py:151} INFO - [2023-11-05T23:50:48.654+0000] {dagbag.py:346} ERROR - Failed to import: /opt/airflow/dags/yahoo_elt_pipeline.py
Traceback (most recent call last):
  File "/home/airflow/.local/lib/python3.8/site-packages/airflow/models/dagbag.py", line 342, in parse
    loader.exec_module(new_module)
  File "<frozen importlib._bootstrap_external>", line 843, in exec_module
  File "<frozen importlib._bootstrap>", line 219, in _call_with_frames_removed
  File "/opt/airflow/dags/yahoo_elt_pipeline.py", line 4, in <module>
    import yfinance as yf
ModuleNotFoundError: No module named 'yfinance'
[2023-11-05T23:50:48.661+0000] {processor.py:841} WARNING - No viable dags retrieved from /opt/airflow/dags/yahoo_elt_pipeline.py
[2023-11-05T23:50:48.721+0000] {processor.py:179} INFO - Processing /opt/airflow/dags/yahoo_elt_pipeline.py took 0.111 seconds
[2023-11-05T23:51:19.099+0000] {processor.py:157} INFO - Started process (PID=1938) to work on /opt/airflow/dags/yahoo_elt_pipeline.py
[2023-11-05T23:51:19.109+0000] {processor.py:829} INFO - Processing file /opt/airflow/dags/yahoo_elt_pipeline.py for tasks to queue
[2023-11-05T23:51:19.122+0000] {logging_mixin.py:151} INFO - [2023-11-05T23:51:19.121+0000] {dagbag.py:536} INFO - Filling up the DagBag from /opt/airflow/dags/yahoo_elt_pipeline.py
[2023-11-05T23:51:19.203+0000] {logging_mixin.py:151} INFO - [2023-11-05T23:51:19.197+0000] {dagbag.py:346} ERROR - Failed to import: /opt/airflow/dags/yahoo_elt_pipeline.py
Traceback (most recent call last):
  File "/home/airflow/.local/lib/python3.8/site-packages/airflow/models/dagbag.py", line 342, in parse
    loader.exec_module(new_module)
  File "<frozen importlib._bootstrap_external>", line 843, in exec_module
  File "<frozen importlib._bootstrap>", line 219, in _call_with_frames_removed
  File "/opt/airflow/dags/yahoo_elt_pipeline.py", line 4, in <module>
    import yfinance as yf
ModuleNotFoundError: No module named 'yfinance'
[2023-11-05T23:51:19.207+0000] {processor.py:841} WARNING - No viable dags retrieved from /opt/airflow/dags/yahoo_elt_pipeline.py
[2023-11-05T23:51:19.297+0000] {processor.py:179} INFO - Processing /opt/airflow/dags/yahoo_elt_pipeline.py took 0.257 seconds
[2023-11-05T23:51:49.395+0000] {processor.py:157} INFO - Started process (PID=1956) to work on /opt/airflow/dags/yahoo_elt_pipeline.py
[2023-11-05T23:51:49.400+0000] {processor.py:829} INFO - Processing file /opt/airflow/dags/yahoo_elt_pipeline.py for tasks to queue
[2023-11-05T23:51:49.417+0000] {logging_mixin.py:151} INFO - [2023-11-05T23:51:49.411+0000] {dagbag.py:536} INFO - Filling up the DagBag from /opt/airflow/dags/yahoo_elt_pipeline.py
[2023-11-05T23:51:49.500+0000] {logging_mixin.py:151} INFO - [2023-11-05T23:51:49.496+0000] {dagbag.py:346} ERROR - Failed to import: /opt/airflow/dags/yahoo_elt_pipeline.py
Traceback (most recent call last):
  File "/home/airflow/.local/lib/python3.8/site-packages/airflow/models/dagbag.py", line 342, in parse
    loader.exec_module(new_module)
  File "<frozen importlib._bootstrap_external>", line 843, in exec_module
  File "<frozen importlib._bootstrap>", line 219, in _call_with_frames_removed
  File "/opt/airflow/dags/yahoo_elt_pipeline.py", line 4, in <module>
    import yfinance as yf
ModuleNotFoundError: No module named 'yfinance'
[2023-11-05T23:51:49.505+0000] {processor.py:841} WARNING - No viable dags retrieved from /opt/airflow/dags/yahoo_elt_pipeline.py
[2023-11-05T23:51:49.547+0000] {processor.py:179} INFO - Processing /opt/airflow/dags/yahoo_elt_pipeline.py took 0.166 seconds
[2023-11-05T23:52:20.091+0000] {processor.py:157} INFO - Started process (PID=1968) to work on /opt/airflow/dags/yahoo_elt_pipeline.py
[2023-11-05T23:52:20.106+0000] {processor.py:829} INFO - Processing file /opt/airflow/dags/yahoo_elt_pipeline.py for tasks to queue
[2023-11-05T23:52:20.118+0000] {logging_mixin.py:151} INFO - [2023-11-05T23:52:20.116+0000] {dagbag.py:536} INFO - Filling up the DagBag from /opt/airflow/dags/yahoo_elt_pipeline.py
[2023-11-05T23:52:20.264+0000] {logging_mixin.py:151} INFO - [2023-11-05T23:52:20.251+0000] {dagbag.py:346} ERROR - Failed to import: /opt/airflow/dags/yahoo_elt_pipeline.py
Traceback (most recent call last):
  File "/home/airflow/.local/lib/python3.8/site-packages/airflow/models/dagbag.py", line 342, in parse
    loader.exec_module(new_module)
  File "<frozen importlib._bootstrap_external>", line 843, in exec_module
  File "<frozen importlib._bootstrap>", line 219, in _call_with_frames_removed
  File "/opt/airflow/dags/yahoo_elt_pipeline.py", line 4, in <module>
    import yfinance as yf
ModuleNotFoundError: No module named 'yfinance'
[2023-11-05T23:52:20.271+0000] {processor.py:841} WARNING - No viable dags retrieved from /opt/airflow/dags/yahoo_elt_pipeline.py
[2023-11-05T23:52:20.303+0000] {processor.py:179} INFO - Processing /opt/airflow/dags/yahoo_elt_pipeline.py took 0.252 seconds
[2023-11-05T23:52:50.514+0000] {processor.py:157} INFO - Started process (PID=1979) to work on /opt/airflow/dags/yahoo_elt_pipeline.py
[2023-11-05T23:52:50.521+0000] {processor.py:829} INFO - Processing file /opt/airflow/dags/yahoo_elt_pipeline.py for tasks to queue
[2023-11-05T23:52:50.529+0000] {logging_mixin.py:151} INFO - [2023-11-05T23:52:50.527+0000] {dagbag.py:536} INFO - Filling up the DagBag from /opt/airflow/dags/yahoo_elt_pipeline.py
[2023-11-05T23:52:50.616+0000] {logging_mixin.py:151} INFO - [2023-11-05T23:52:50.607+0000] {dagbag.py:346} ERROR - Failed to import: /opt/airflow/dags/yahoo_elt_pipeline.py
Traceback (most recent call last):
  File "/home/airflow/.local/lib/python3.8/site-packages/airflow/models/dagbag.py", line 342, in parse
    loader.exec_module(new_module)
  File "<frozen importlib._bootstrap_external>", line 843, in exec_module
  File "<frozen importlib._bootstrap>", line 219, in _call_with_frames_removed
  File "/opt/airflow/dags/yahoo_elt_pipeline.py", line 4, in <module>
    import yfinance as yf
ModuleNotFoundError: No module named 'yfinance'
[2023-11-05T23:52:50.624+0000] {processor.py:841} WARNING - No viable dags retrieved from /opt/airflow/dags/yahoo_elt_pipeline.py
[2023-11-05T23:52:50.814+0000] {processor.py:179} INFO - Processing /opt/airflow/dags/yahoo_elt_pipeline.py took 0.321 seconds
[2023-11-05T23:53:21.063+0000] {processor.py:157} INFO - Started process (PID=1991) to work on /opt/airflow/dags/yahoo_elt_pipeline.py
[2023-11-05T23:53:21.067+0000] {processor.py:829} INFO - Processing file /opt/airflow/dags/yahoo_elt_pipeline.py for tasks to queue
[2023-11-05T23:53:21.077+0000] {logging_mixin.py:151} INFO - [2023-11-05T23:53:21.076+0000] {dagbag.py:536} INFO - Filling up the DagBag from /opt/airflow/dags/yahoo_elt_pipeline.py
[2023-11-05T23:53:21.114+0000] {logging_mixin.py:151} INFO - [2023-11-05T23:53:21.109+0000] {dagbag.py:346} ERROR - Failed to import: /opt/airflow/dags/yahoo_elt_pipeline.py
Traceback (most recent call last):
  File "/home/airflow/.local/lib/python3.8/site-packages/airflow/models/dagbag.py", line 342, in parse
    loader.exec_module(new_module)
  File "<frozen importlib._bootstrap_external>", line 843, in exec_module
  File "<frozen importlib._bootstrap>", line 219, in _call_with_frames_removed
  File "/opt/airflow/dags/yahoo_elt_pipeline.py", line 4, in <module>
    import yfinance as yf
ModuleNotFoundError: No module named 'yfinance'
[2023-11-05T23:53:21.118+0000] {processor.py:841} WARNING - No viable dags retrieved from /opt/airflow/dags/yahoo_elt_pipeline.py
[2023-11-05T23:53:21.156+0000] {processor.py:179} INFO - Processing /opt/airflow/dags/yahoo_elt_pipeline.py took 0.098 seconds
[2023-11-05T23:53:51.307+0000] {processor.py:157} INFO - Started process (PID=2004) to work on /opt/airflow/dags/yahoo_elt_pipeline.py
[2023-11-05T23:53:51.310+0000] {processor.py:829} INFO - Processing file /opt/airflow/dags/yahoo_elt_pipeline.py for tasks to queue
[2023-11-05T23:53:51.311+0000] {logging_mixin.py:151} INFO - [2023-11-05T23:53:51.311+0000] {dagbag.py:536} INFO - Filling up the DagBag from /opt/airflow/dags/yahoo_elt_pipeline.py
[2023-11-05T23:53:51.332+0000] {logging_mixin.py:151} INFO - [2023-11-05T23:53:51.329+0000] {dagbag.py:346} ERROR - Failed to import: /opt/airflow/dags/yahoo_elt_pipeline.py
Traceback (most recent call last):
  File "/home/airflow/.local/lib/python3.8/site-packages/airflow/models/dagbag.py", line 342, in parse
    loader.exec_module(new_module)
  File "<frozen importlib._bootstrap_external>", line 843, in exec_module
  File "<frozen importlib._bootstrap>", line 219, in _call_with_frames_removed
  File "/opt/airflow/dags/yahoo_elt_pipeline.py", line 4, in <module>
    import yfinance as yf
ModuleNotFoundError: No module named 'yfinance'
[2023-11-05T23:53:51.334+0000] {processor.py:841} WARNING - No viable dags retrieved from /opt/airflow/dags/yahoo_elt_pipeline.py
[2023-11-05T23:53:51.386+0000] {processor.py:179} INFO - Processing /opt/airflow/dags/yahoo_elt_pipeline.py took 0.084 seconds
[2023-11-05T23:54:21.537+0000] {processor.py:157} INFO - Started process (PID=2016) to work on /opt/airflow/dags/yahoo_elt_pipeline.py
[2023-11-05T23:54:21.538+0000] {processor.py:829} INFO - Processing file /opt/airflow/dags/yahoo_elt_pipeline.py for tasks to queue
[2023-11-05T23:54:21.540+0000] {logging_mixin.py:151} INFO - [2023-11-05T23:54:21.539+0000] {dagbag.py:536} INFO - Filling up the DagBag from /opt/airflow/dags/yahoo_elt_pipeline.py
[2023-11-05T23:54:21.562+0000] {logging_mixin.py:151} INFO - [2023-11-05T23:54:21.559+0000] {dagbag.py:346} ERROR - Failed to import: /opt/airflow/dags/yahoo_elt_pipeline.py
Traceback (most recent call last):
  File "/home/airflow/.local/lib/python3.8/site-packages/airflow/models/dagbag.py", line 342, in parse
    loader.exec_module(new_module)
  File "<frozen importlib._bootstrap_external>", line 843, in exec_module
  File "<frozen importlib._bootstrap>", line 219, in _call_with_frames_removed
  File "/opt/airflow/dags/yahoo_elt_pipeline.py", line 4, in <module>
    import yfinance as yf
ModuleNotFoundError: No module named 'yfinance'
[2023-11-05T23:54:21.563+0000] {processor.py:841} WARNING - No viable dags retrieved from /opt/airflow/dags/yahoo_elt_pipeline.py
[2023-11-05T23:54:21.592+0000] {processor.py:179} INFO - Processing /opt/airflow/dags/yahoo_elt_pipeline.py took 0.061 seconds
[2023-11-05T23:54:51.936+0000] {processor.py:157} INFO - Started process (PID=2028) to work on /opt/airflow/dags/yahoo_elt_pipeline.py
[2023-11-05T23:54:51.948+0000] {processor.py:829} INFO - Processing file /opt/airflow/dags/yahoo_elt_pipeline.py for tasks to queue
[2023-11-05T23:54:51.954+0000] {logging_mixin.py:151} INFO - [2023-11-05T23:54:51.952+0000] {dagbag.py:536} INFO - Filling up the DagBag from /opt/airflow/dags/yahoo_elt_pipeline.py
[2023-11-05T23:54:51.999+0000] {logging_mixin.py:151} INFO - [2023-11-05T23:54:51.991+0000] {dagbag.py:346} ERROR - Failed to import: /opt/airflow/dags/yahoo_elt_pipeline.py
Traceback (most recent call last):
  File "/home/airflow/.local/lib/python3.8/site-packages/airflow/models/dagbag.py", line 342, in parse
    loader.exec_module(new_module)
  File "<frozen importlib._bootstrap_external>", line 843, in exec_module
  File "<frozen importlib._bootstrap>", line 219, in _call_with_frames_removed
  File "/opt/airflow/dags/yahoo_elt_pipeline.py", line 4, in <module>
    import yfinance as yf
ModuleNotFoundError: No module named 'yfinance'
[2023-11-05T23:54:52.003+0000] {processor.py:841} WARNING - No viable dags retrieved from /opt/airflow/dags/yahoo_elt_pipeline.py
[2023-11-05T23:54:52.202+0000] {processor.py:179} INFO - Processing /opt/airflow/dags/yahoo_elt_pipeline.py took 0.285 seconds
[2023-11-05T23:55:22.677+0000] {processor.py:157} INFO - Started process (PID=2041) to work on /opt/airflow/dags/yahoo_elt_pipeline.py
[2023-11-05T23:55:22.678+0000] {processor.py:829} INFO - Processing file /opt/airflow/dags/yahoo_elt_pipeline.py for tasks to queue
[2023-11-05T23:55:22.682+0000] {logging_mixin.py:151} INFO - [2023-11-05T23:55:22.681+0000] {dagbag.py:536} INFO - Filling up the DagBag from /opt/airflow/dags/yahoo_elt_pipeline.py
[2023-11-05T23:55:22.703+0000] {logging_mixin.py:151} INFO - [2023-11-05T23:55:22.699+0000] {dagbag.py:346} ERROR - Failed to import: /opt/airflow/dags/yahoo_elt_pipeline.py
Traceback (most recent call last):
  File "/home/airflow/.local/lib/python3.8/site-packages/airflow/models/dagbag.py", line 342, in parse
    loader.exec_module(new_module)
  File "<frozen importlib._bootstrap_external>", line 843, in exec_module
  File "<frozen importlib._bootstrap>", line 219, in _call_with_frames_removed
  File "/opt/airflow/dags/yahoo_elt_pipeline.py", line 4, in <module>
    import yfinance as yf
ModuleNotFoundError: No module named 'yfinance'
[2023-11-05T23:55:22.706+0000] {processor.py:841} WARNING - No viable dags retrieved from /opt/airflow/dags/yahoo_elt_pipeline.py
[2023-11-05T23:55:22.742+0000] {processor.py:179} INFO - Processing /opt/airflow/dags/yahoo_elt_pipeline.py took 0.072 seconds
[2023-11-05T23:55:53.034+0000] {processor.py:157} INFO - Started process (PID=2055) to work on /opt/airflow/dags/yahoo_elt_pipeline.py
[2023-11-05T23:55:53.040+0000] {processor.py:829} INFO - Processing file /opt/airflow/dags/yahoo_elt_pipeline.py for tasks to queue
[2023-11-05T23:55:53.053+0000] {logging_mixin.py:151} INFO - [2023-11-05T23:55:53.052+0000] {dagbag.py:536} INFO - Filling up the DagBag from /opt/airflow/dags/yahoo_elt_pipeline.py
[2023-11-05T23:55:53.238+0000] {logging_mixin.py:151} INFO - [2023-11-05T23:55:53.199+0000] {dagbag.py:346} ERROR - Failed to import: /opt/airflow/dags/yahoo_elt_pipeline.py
Traceback (most recent call last):
  File "/home/airflow/.local/lib/python3.8/site-packages/airflow/models/dagbag.py", line 342, in parse
    loader.exec_module(new_module)
  File "<frozen importlib._bootstrap_external>", line 843, in exec_module
  File "<frozen importlib._bootstrap>", line 219, in _call_with_frames_removed
  File "/opt/airflow/dags/yahoo_elt_pipeline.py", line 4, in <module>
    import yfinance as yf
ModuleNotFoundError: No module named 'yfinance'
[2023-11-05T23:55:53.249+0000] {processor.py:841} WARNING - No viable dags retrieved from /opt/airflow/dags/yahoo_elt_pipeline.py
[2023-11-05T23:55:53.584+0000] {processor.py:179} INFO - Processing /opt/airflow/dags/yahoo_elt_pipeline.py took 0.598 seconds
[2023-11-05T23:56:23.902+0000] {processor.py:157} INFO - Started process (PID=2067) to work on /opt/airflow/dags/yahoo_elt_pipeline.py
[2023-11-05T23:56:23.905+0000] {processor.py:829} INFO - Processing file /opt/airflow/dags/yahoo_elt_pipeline.py for tasks to queue
[2023-11-05T23:56:23.909+0000] {logging_mixin.py:151} INFO - [2023-11-05T23:56:23.908+0000] {dagbag.py:536} INFO - Filling up the DagBag from /opt/airflow/dags/yahoo_elt_pipeline.py
[2023-11-05T23:56:23.943+0000] {logging_mixin.py:151} INFO - [2023-11-05T23:56:23.939+0000] {dagbag.py:346} ERROR - Failed to import: /opt/airflow/dags/yahoo_elt_pipeline.py
Traceback (most recent call last):
  File "/home/airflow/.local/lib/python3.8/site-packages/airflow/models/dagbag.py", line 342, in parse
    loader.exec_module(new_module)
  File "<frozen importlib._bootstrap_external>", line 843, in exec_module
  File "<frozen importlib._bootstrap>", line 219, in _call_with_frames_removed
  File "/opt/airflow/dags/yahoo_elt_pipeline.py", line 4, in <module>
    import yfinance as yf
ModuleNotFoundError: No module named 'yfinance'
[2023-11-05T23:56:23.945+0000] {processor.py:841} WARNING - No viable dags retrieved from /opt/airflow/dags/yahoo_elt_pipeline.py
[2023-11-05T23:56:23.983+0000] {processor.py:179} INFO - Processing /opt/airflow/dags/yahoo_elt_pipeline.py took 0.086 seconds
[2023-11-05T23:56:54.140+0000] {processor.py:157} INFO - Started process (PID=2079) to work on /opt/airflow/dags/yahoo_elt_pipeline.py
[2023-11-05T23:56:54.142+0000] {processor.py:829} INFO - Processing file /opt/airflow/dags/yahoo_elt_pipeline.py for tasks to queue
[2023-11-05T23:56:54.143+0000] {logging_mixin.py:151} INFO - [2023-11-05T23:56:54.143+0000] {dagbag.py:536} INFO - Filling up the DagBag from /opt/airflow/dags/yahoo_elt_pipeline.py
[2023-11-05T23:56:54.169+0000] {logging_mixin.py:151} INFO - [2023-11-05T23:56:54.164+0000] {dagbag.py:346} ERROR - Failed to import: /opt/airflow/dags/yahoo_elt_pipeline.py
Traceback (most recent call last):
  File "/home/airflow/.local/lib/python3.8/site-packages/airflow/models/dagbag.py", line 342, in parse
    loader.exec_module(new_module)
  File "<frozen importlib._bootstrap_external>", line 843, in exec_module
  File "<frozen importlib._bootstrap>", line 219, in _call_with_frames_removed
  File "/opt/airflow/dags/yahoo_elt_pipeline.py", line 4, in <module>
    import yfinance as yf
ModuleNotFoundError: No module named 'yfinance'
[2023-11-05T23:56:54.177+0000] {processor.py:841} WARNING - No viable dags retrieved from /opt/airflow/dags/yahoo_elt_pipeline.py
[2023-11-05T23:56:54.217+0000] {processor.py:179} INFO - Processing /opt/airflow/dags/yahoo_elt_pipeline.py took 0.082 seconds
[2023-11-05T23:57:24.454+0000] {processor.py:157} INFO - Started process (PID=2091) to work on /opt/airflow/dags/yahoo_elt_pipeline.py
[2023-11-05T23:57:24.456+0000] {processor.py:829} INFO - Processing file /opt/airflow/dags/yahoo_elt_pipeline.py for tasks to queue
[2023-11-05T23:57:24.459+0000] {logging_mixin.py:151} INFO - [2023-11-05T23:57:24.458+0000] {dagbag.py:536} INFO - Filling up the DagBag from /opt/airflow/dags/yahoo_elt_pipeline.py
[2023-11-05T23:57:24.490+0000] {logging_mixin.py:151} INFO - [2023-11-05T23:57:24.485+0000] {dagbag.py:346} ERROR - Failed to import: /opt/airflow/dags/yahoo_elt_pipeline.py
Traceback (most recent call last):
  File "/home/airflow/.local/lib/python3.8/site-packages/airflow/models/dagbag.py", line 342, in parse
    loader.exec_module(new_module)
  File "<frozen importlib._bootstrap_external>", line 843, in exec_module
  File "<frozen importlib._bootstrap>", line 219, in _call_with_frames_removed
  File "/opt/airflow/dags/yahoo_elt_pipeline.py", line 4, in <module>
    import yfinance as yf
ModuleNotFoundError: No module named 'yfinance'
[2023-11-05T23:57:24.493+0000] {processor.py:841} WARNING - No viable dags retrieved from /opt/airflow/dags/yahoo_elt_pipeline.py
[2023-11-05T23:57:24.531+0000] {processor.py:179} INFO - Processing /opt/airflow/dags/yahoo_elt_pipeline.py took 0.080 seconds
[2023-11-05T23:57:54.657+0000] {processor.py:157} INFO - Started process (PID=2103) to work on /opt/airflow/dags/yahoo_elt_pipeline.py
[2023-11-05T23:57:54.659+0000] {processor.py:829} INFO - Processing file /opt/airflow/dags/yahoo_elt_pipeline.py for tasks to queue
[2023-11-05T23:57:54.661+0000] {logging_mixin.py:151} INFO - [2023-11-05T23:57:54.660+0000] {dagbag.py:536} INFO - Filling up the DagBag from /opt/airflow/dags/yahoo_elt_pipeline.py
[2023-11-05T23:57:54.689+0000] {logging_mixin.py:151} INFO - [2023-11-05T23:57:54.685+0000] {dagbag.py:346} ERROR - Failed to import: /opt/airflow/dags/yahoo_elt_pipeline.py
Traceback (most recent call last):
  File "/home/airflow/.local/lib/python3.8/site-packages/airflow/models/dagbag.py", line 342, in parse
    loader.exec_module(new_module)
  File "<frozen importlib._bootstrap_external>", line 843, in exec_module
  File "<frozen importlib._bootstrap>", line 219, in _call_with_frames_removed
  File "/opt/airflow/dags/yahoo_elt_pipeline.py", line 4, in <module>
    import yfinance as yf
ModuleNotFoundError: No module named 'yfinance'
[2023-11-05T23:57:54.691+0000] {processor.py:841} WARNING - No viable dags retrieved from /opt/airflow/dags/yahoo_elt_pipeline.py
[2023-11-05T23:57:54.723+0000] {processor.py:179} INFO - Processing /opt/airflow/dags/yahoo_elt_pipeline.py took 0.071 seconds
[2023-11-05T23:58:24.948+0000] {processor.py:157} INFO - Started process (PID=2115) to work on /opt/airflow/dags/yahoo_elt_pipeline.py
[2023-11-05T23:58:24.950+0000] {processor.py:829} INFO - Processing file /opt/airflow/dags/yahoo_elt_pipeline.py for tasks to queue
[2023-11-05T23:58:24.951+0000] {logging_mixin.py:151} INFO - [2023-11-05T23:58:24.951+0000] {dagbag.py:536} INFO - Filling up the DagBag from /opt/airflow/dags/yahoo_elt_pipeline.py
[2023-11-05T23:58:24.970+0000] {logging_mixin.py:151} INFO - [2023-11-05T23:58:24.967+0000] {dagbag.py:346} ERROR - Failed to import: /opt/airflow/dags/yahoo_elt_pipeline.py
Traceback (most recent call last):
  File "/home/airflow/.local/lib/python3.8/site-packages/airflow/models/dagbag.py", line 342, in parse
    loader.exec_module(new_module)
  File "<frozen importlib._bootstrap_external>", line 843, in exec_module
  File "<frozen importlib._bootstrap>", line 219, in _call_with_frames_removed
  File "/opt/airflow/dags/yahoo_elt_pipeline.py", line 4, in <module>
    import yfinance as yf
ModuleNotFoundError: No module named 'yfinance'
[2023-11-05T23:58:24.971+0000] {processor.py:841} WARNING - No viable dags retrieved from /opt/airflow/dags/yahoo_elt_pipeline.py
[2023-11-05T23:58:25.016+0000] {processor.py:179} INFO - Processing /opt/airflow/dags/yahoo_elt_pipeline.py took 0.072 seconds
[2023-11-05T23:58:55.176+0000] {processor.py:157} INFO - Started process (PID=2127) to work on /opt/airflow/dags/yahoo_elt_pipeline.py
[2023-11-05T23:58:55.180+0000] {processor.py:829} INFO - Processing file /opt/airflow/dags/yahoo_elt_pipeline.py for tasks to queue
[2023-11-05T23:58:55.183+0000] {logging_mixin.py:151} INFO - [2023-11-05T23:58:55.182+0000] {dagbag.py:536} INFO - Filling up the DagBag from /opt/airflow/dags/yahoo_elt_pipeline.py
[2023-11-05T23:58:55.221+0000] {logging_mixin.py:151} INFO - [2023-11-05T23:58:55.217+0000] {dagbag.py:346} ERROR - Failed to import: /opt/airflow/dags/yahoo_elt_pipeline.py
Traceback (most recent call last):
  File "/home/airflow/.local/lib/python3.8/site-packages/airflow/models/dagbag.py", line 342, in parse
    loader.exec_module(new_module)
  File "<frozen importlib._bootstrap_external>", line 843, in exec_module
  File "<frozen importlib._bootstrap>", line 219, in _call_with_frames_removed
  File "/opt/airflow/dags/yahoo_elt_pipeline.py", line 4, in <module>
    import yfinance as yf
ModuleNotFoundError: No module named 'yfinance'
[2023-11-05T23:58:55.225+0000] {processor.py:841} WARNING - No viable dags retrieved from /opt/airflow/dags/yahoo_elt_pipeline.py
[2023-11-05T23:58:55.253+0000] {processor.py:179} INFO - Processing /opt/airflow/dags/yahoo_elt_pipeline.py took 0.081 seconds
[2023-11-05T23:59:25.463+0000] {processor.py:157} INFO - Started process (PID=2139) to work on /opt/airflow/dags/yahoo_elt_pipeline.py
[2023-11-05T23:59:25.466+0000] {processor.py:829} INFO - Processing file /opt/airflow/dags/yahoo_elt_pipeline.py for tasks to queue
[2023-11-05T23:59:25.468+0000] {logging_mixin.py:151} INFO - [2023-11-05T23:59:25.468+0000] {dagbag.py:536} INFO - Filling up the DagBag from /opt/airflow/dags/yahoo_elt_pipeline.py
[2023-11-05T23:59:25.503+0000] {logging_mixin.py:151} INFO - [2023-11-05T23:59:25.496+0000] {dagbag.py:346} ERROR - Failed to import: /opt/airflow/dags/yahoo_elt_pipeline.py
Traceback (most recent call last):
  File "/home/airflow/.local/lib/python3.8/site-packages/airflow/models/dagbag.py", line 342, in parse
    loader.exec_module(new_module)
  File "<frozen importlib._bootstrap_external>", line 843, in exec_module
  File "<frozen importlib._bootstrap>", line 219, in _call_with_frames_removed
  File "/opt/airflow/dags/yahoo_elt_pipeline.py", line 4, in <module>
    import yfinance as yf
ModuleNotFoundError: No module named 'yfinance'
[2023-11-05T23:59:25.506+0000] {processor.py:841} WARNING - No viable dags retrieved from /opt/airflow/dags/yahoo_elt_pipeline.py
[2023-11-05T23:59:25.543+0000] {processor.py:179} INFO - Processing /opt/airflow/dags/yahoo_elt_pipeline.py took 0.096 seconds
[2023-11-05T23:59:55.679+0000] {processor.py:157} INFO - Started process (PID=2152) to work on /opt/airflow/dags/yahoo_elt_pipeline.py
[2023-11-05T23:59:55.686+0000] {processor.py:829} INFO - Processing file /opt/airflow/dags/yahoo_elt_pipeline.py for tasks to queue
[2023-11-05T23:59:55.691+0000] {logging_mixin.py:151} INFO - [2023-11-05T23:59:55.691+0000] {dagbag.py:536} INFO - Filling up the DagBag from /opt/airflow/dags/yahoo_elt_pipeline.py
[2023-11-05T23:59:55.726+0000] {logging_mixin.py:151} INFO - [2023-11-05T23:59:55.721+0000] {dagbag.py:346} ERROR - Failed to import: /opt/airflow/dags/yahoo_elt_pipeline.py
Traceback (most recent call last):
  File "/home/airflow/.local/lib/python3.8/site-packages/airflow/models/dagbag.py", line 342, in parse
    loader.exec_module(new_module)
  File "<frozen importlib._bootstrap_external>", line 843, in exec_module
  File "<frozen importlib._bootstrap>", line 219, in _call_with_frames_removed
  File "/opt/airflow/dags/yahoo_elt_pipeline.py", line 4, in <module>
    import yfinance as yf
ModuleNotFoundError: No module named 'yfinance'
[2023-11-05T23:59:55.730+0000] {processor.py:841} WARNING - No viable dags retrieved from /opt/airflow/dags/yahoo_elt_pipeline.py
[2023-11-05T23:59:55.769+0000] {processor.py:179} INFO - Processing /opt/airflow/dags/yahoo_elt_pipeline.py took 0.096 seconds
