[2023-11-07T01:38:19.016+0000] {taskinstance.py:1159} INFO - Dependencies all met for dep_context=non-requeueable deps ti=<TaskInstance: yahoo_finance_elt_pipeline_v15.extract_data_task manual__2023-11-07T01:38:01.650547+00:00 [queued]>
[2023-11-07T01:38:19.077+0000] {taskinstance.py:1159} INFO - Dependencies all met for dep_context=requeueable deps ti=<TaskInstance: yahoo_finance_elt_pipeline_v15.extract_data_task manual__2023-11-07T01:38:01.650547+00:00 [queued]>
[2023-11-07T01:38:19.080+0000] {taskinstance.py:1361} INFO - Starting attempt 1 of 6
[2023-11-07T01:38:19.158+0000] {taskinstance.py:1382} INFO - Executing <Task(PythonOperator): extract_data_task> on 2023-11-07 01:38:01.650547+00:00
[2023-11-07T01:38:19.201+0000] {standard_task_runner.py:57} INFO - Started process 1180 to run task
[2023-11-07T01:38:19.244+0000] {standard_task_runner.py:84} INFO - Running: ['***', 'tasks', 'run', 'yahoo_finance_elt_pipeline_v15', 'extract_data_task', 'manual__2023-11-07T01:38:01.650547+00:00', '--job-id', '14', '--raw', '--subdir', 'DAGS_FOLDER/yahoo_elt_pipeline.py', '--cfg-path', '/tmp/tmpl8vbffbs']
[2023-11-07T01:38:19.259+0000] {standard_task_runner.py:85} INFO - Job 14: Subtask extract_data_task
[2023-11-07T01:38:19.473+0000] {task_command.py:416} INFO - Running <TaskInstance: yahoo_finance_elt_pipeline_v15.extract_data_task manual__2023-11-07T01:38:01.650547+00:00 [running]> on host 57084f613782
[2023-11-07T01:38:19.828+0000] {taskinstance.py:1662} INFO - Exporting env vars: AIRFLOW_CTX_DAG_OWNER='mbahraoui' AIRFLOW_CTX_DAG_ID='yahoo_finance_elt_pipeline_v15' AIRFLOW_CTX_TASK_ID='extract_data_task' AIRFLOW_CTX_EXECUTION_DATE='2023-11-07T01:38:01.650547+00:00' AIRFLOW_CTX_TRY_NUMBER='1' AIRFLOW_CTX_DAG_RUN_ID='manual__2023-11-07T01:38:01.650547+00:00'
[2023-11-07T01:38:21.559+0000] {logging_mixin.py:151} INFO - [*********************100%%**********************]  1 of 1 completed
[2023-11-07T01:38:22.961+0000] {logging_mixin.py:151} INFO - [*********************100%%**********************]  1 of 1 completed
[2023-11-07T01:38:23.695+0000] {logging_mixin.py:151} INFO - [*********************100%%**********************]  1 of 1 completed
[2023-11-07T01:38:24.503+0000] {logging_mixin.py:151} INFO - [*********************100%%**********************]  1 of 1 completed
[2023-11-07T01:38:25.240+0000] {logging_mixin.py:151} INFO - [*********************100%%**********************]  1 of 1 completed
[2023-11-07T01:38:26.304+0000] {logging_mixin.py:151} INFO - [*********************100%%**********************]  1 of 1 completed
[2023-11-07T01:38:27.065+0000] {logging_mixin.py:151} INFO - [*********************100%%**********************]  1 of 1 completed
[2023-11-07T01:38:27.067+0000] {multi.py:178} ERROR - 
1 Failed download:
[2023-11-07T01:38:27.070+0000] {multi.py:191} ERROR - ['FB']: Exception('%ticker%: No timezone found, symbol may be delisted')
[2023-11-07T01:38:27.875+0000] {logging_mixin.py:151} INFO - [*********************100%%**********************]  1 of 1 completed
[2023-11-07T01:38:28.933+0000] {logging_mixin.py:151} INFO - [*********************100%%**********************]  1 of 1 completed
[2023-11-07T01:38:29.977+0000] {logging_mixin.py:151} INFO - [*********************100%%**********************]  1 of 1 completed
[2023-11-07T01:38:30.877+0000] {logging_mixin.py:151} INFO - [*********************100%%**********************]  1 of 1 completed
[2023-11-07T01:38:31.990+0000] {logging_mixin.py:151} INFO - [*********************100%%**********************]  1 of 1 completed
[2023-11-07T01:38:32.999+0000] {logging_mixin.py:151} INFO - [*********************100%%**********************]  1 of 1 completed
[2023-11-07T01:38:34.027+0000] {logging_mixin.py:151} INFO - [*********************100%%**********************]  1 of 1 completed
[2023-11-07T01:38:34.135+0000] {python.py:194} INFO - Done. Returned value was: None
[2023-11-07T01:38:34.226+0000] {taskinstance.py:1400} INFO - Marking task as SUCCESS. dag_id=yahoo_finance_elt_pipeline_v15, task_id=extract_data_task, execution_date=20231107T013801, start_date=20231107T013819, end_date=20231107T013834
[2023-11-07T01:38:34.402+0000] {local_task_job_runner.py:228} INFO - Task exited with return code 0
[2023-11-07T01:38:34.525+0000] {taskinstance.py:2778} INFO - 1 downstream tasks scheduled from follow-on schedule check
