[2023-11-07T00:09:57.513+0000] {taskinstance.py:1159} INFO - Dependencies all met for dep_context=non-requeueable deps ti=<TaskInstance: yahoo_finance_elt_pipeline_v4.extract_data_task manual__2023-11-07T00:09:48.674000+00:00 [queued]>
[2023-11-07T00:09:57.578+0000] {taskinstance.py:1159} INFO - Dependencies all met for dep_context=requeueable deps ti=<TaskInstance: yahoo_finance_elt_pipeline_v4.extract_data_task manual__2023-11-07T00:09:48.674000+00:00 [queued]>
[2023-11-07T00:09:57.581+0000] {taskinstance.py:1361} INFO - Starting attempt 1 of 6
[2023-11-07T00:09:57.734+0000] {taskinstance.py:1382} INFO - Executing <Task(PythonOperator): extract_data_task> on 2023-11-07 00:09:48.674000+00:00
[2023-11-07T00:09:57.788+0000] {standard_task_runner.py:57} INFO - Started process 778 to run task
[2023-11-07T00:09:57.829+0000] {standard_task_runner.py:84} INFO - Running: ['***', 'tasks', 'run', 'yahoo_finance_elt_pipeline_v4', 'extract_data_task', 'manual__2023-11-07T00:09:48.674000+00:00', '--job-id', '46', '--raw', '--subdir', 'DAGS_FOLDER/yahoo_elt_pipeline.py', '--cfg-path', '/tmp/tmp_5ysvilo']
[2023-11-07T00:09:57.844+0000] {standard_task_runner.py:85} INFO - Job 46: Subtask extract_data_task
[2023-11-07T00:09:58.501+0000] {task_command.py:416} INFO - Running <TaskInstance: yahoo_finance_elt_pipeline_v4.extract_data_task manual__2023-11-07T00:09:48.674000+00:00 [running]> on host a5d58a06784e
[2023-11-07T00:09:59.128+0000] {taskinstance.py:1662} INFO - Exporting env vars: AIRFLOW_CTX_DAG_OWNER='mbahraoui' AIRFLOW_CTX_DAG_ID='yahoo_finance_elt_pipeline_v4' AIRFLOW_CTX_TASK_ID='extract_data_task' AIRFLOW_CTX_EXECUTION_DATE='2023-11-07T00:09:48.674000+00:00' AIRFLOW_CTX_TRY_NUMBER='1' AIRFLOW_CTX_DAG_RUN_ID='manual__2023-11-07T00:09:48.674000+00:00'
[2023-11-07T00:10:04.481+0000] {logging_mixin.py:151} INFO - [*********************100%%**********************]  1 of 1 completed
[2023-11-07T00:10:10.602+0000] {logging_mixin.py:151} INFO - [*********************100%%**********************]  1 of 1 completed
[2023-11-07T00:10:13.417+0000] {logging_mixin.py:151} INFO - [*********************100%%**********************]  1 of 1 completed
[2023-11-07T00:10:17.100+0000] {logging_mixin.py:151} INFO - [*********************100%%**********************]  1 of 1 completed
[2023-11-07T00:10:19.120+0000] {logging_mixin.py:151} INFO - [*********************100%%**********************]  1 of 1 completed
[2023-11-07T00:10:20.414+0000] {logging_mixin.py:151} INFO - [*********************100%%**********************]  1 of 1 completed
[2023-11-07T00:10:21.804+0000] {logging_mixin.py:151} INFO - [*********************100%%**********************]  1 of 1 completed
[2023-11-07T00:10:21.936+0000] {multi.py:178} ERROR - 
1 Failed download:
[2023-11-07T00:10:22.022+0000] {multi.py:191} ERROR - ['FB']: Exception('%ticker%: No timezone found, symbol may be delisted')
[2023-11-07T00:10:25.303+0000] {logging_mixin.py:151} INFO - [*********************100%%**********************]  1 of 1 completed
[2023-11-07T00:10:30.049+0000] {logging_mixin.py:151} INFO - [*********************100%%**********************]  1 of 1 completed
[2023-11-07T00:10:36.483+0000] {logging_mixin.py:151} INFO - [*********************100%%**********************]  1 of 1 completed
[2023-11-07T00:10:43.717+0000] {logging_mixin.py:151} INFO - [*********************100%%**********************]  1 of 1 completed
[2023-11-07T00:10:46.000+0000] {logging_mixin.py:151} INFO - [*********************100%%**********************]  1 of 1 completed
[2023-11-07T00:10:49.577+0000] {logging_mixin.py:151} INFO - [*********************100%%**********************]  1 of 1 completed
[2023-11-07T00:10:54.496+0000] {logging_mixin.py:151} INFO - [*********************100%%**********************]  1 of 1 completed
[2023-11-07T00:10:54.797+0000] {logging_mixin.py:151} INFO - Current Working Directory: /opt/***
[2023-11-07T00:10:55.009+0000] {python.py:194} INFO - Done. Returned value was: None
[2023-11-07T00:10:55.423+0000] {taskinstance.py:1400} INFO - Marking task as SUCCESS. dag_id=yahoo_finance_elt_pipeline_v4, task_id=extract_data_task, execution_date=20231107T000948, start_date=20231107T000957, end_date=20231107T001055
[2023-11-07T00:10:55.842+0000] {local_task_job_runner.py:228} INFO - Task exited with return code 0
[2023-11-07T00:10:55.969+0000] {taskinstance.py:2778} INFO - 1 downstream tasks scheduled from follow-on schedule check
